TN:
SF:/Users/nemitariajienka/Desktop/projects/euler-contracts/contracts/adaptors/FlashLoan.sol
FN:19,constructor
FN:25,maxFlashLoan
FN:31,flashFee
FN:37,flashLoan
FN:50,onDeferredLiquidityCheck
FN:61,_loan
FN:84,_exitAllMarkets
FNF:7
FNH:7
FNDA:129,constructor
FNDA:2,maxFlashLoan
FNDA:2,flashFee
FNDA:18,flashLoan
FNDA:11,onDeferredLiquidityCheck
FNDA:17,_loan
FNDA:7,_exitAllMarkets
DA:20,129
DA:21,129
DA:22,129
DA:26,2
DA:28,2
DA:32,2
DA:34,1
DA:38,18
DA:40,17
DA:41,10
DA:42,7
DA:44,7
DA:47,12
DA:51,11
DA:52,10
DA:55,10
DA:56,10
DA:58,7
DA:62,17
DA:64,17
DA:65,15
DA:67,15
DA:72,13
DA:73,13
DA:75,13
DA:76,13
DA:77,10
DA:78,10
DA:81,12
DA:85,7
DA:87,7
DA:88,9
LF:32
LH:32
BRDA:32,1,0,1
BRDA:32,1,1,1
BRDA:38,2,0,17
BRDA:38,2,1,1
BRDA:40,3,0,10
BRDA:40,3,1,7
BRDA:51,4,0,10
BRDA:51,4,1,1
BRDA:67,5,0,13
BRDA:67,5,1,2
BRDA:73,6,0,13
BRDA:73,6,1,0
BRDA:76,7,0,10
BRDA:76,7,1,3
BRDA:78,8,0,9
BRDA:78,8,1,1
BRF:16
BRH:15
end_of_record
TN:
SF:/Users/nemitariajienka/Desktop/projects/euler-contracts/contracts/Base.sol
FN:13,_createProxy
FN:34,callInternalModule
FN:44,nonReentrant
FN:52,reentrantOK
FN:59,staticDelegate
FN:69,FREEMEM
FN:94,revertBytes
FNF:7
FNH:7
FNDA:1378,_createProxy
FNDA:3054,callInternalModule
FNDA:3457,nonReentrant
FNDA:7616,reentrantOK
FNDA:139,staticDelegate
FNDA:6668,FREEMEM
FNDA:69,revertBytes
DA:14,1378
DA:15,1377
DA:19,1376
DA:23,1374
DA:25,1374
DA:27,1374
DA:29,1374
DA:31,1374
DA:35,3054
DA:36,3054
DA:37,2998
DA:45,3457
DA:47,3456
DA:48,3456
DA:49,3264
DA:53,7616
DA:60,139
DA:70,6668
DA:72,6668
DA:76,6668
DA:85,6662
DA:95,69
DA:96,68
DA:101,1
LF:24
LH:24
BRDA:14,1,0,1377
BRDA:14,1,1,1
BRDA:15,2,0,1376
BRDA:15,2,1,1
BRDA:19,3,0,2
BRDA:19,3,1,1374
BRDA:25,4,0,360
BRDA:25,4,1,1014
BRDA:36,5,0,56
BRDA:36,5,1,2998
BRDA:45,6,0,3456
BRDA:45,6,1,1
BRDA:95,7,0,68
BRDA:95,7,1,1
BRF:14
BRH:14
end_of_record
TN:
SF:/Users/nemitariajienka/Desktop/projects/euler-contracts/contracts/BaseIRM.sol
FN:8,constructor
FN:15,computeInterestRate
FN:24,reset
FNF:3
FNH:3
FNDA:516,constructor
FNDA:1355,computeInterestRate
FNDA:393,reset
DA:16,1355
DA:18,1355
DA:21,1355
LF:3
LH:3
BRDA:18,1,0,0
BRDA:18,1,1,1355
BRDA:19,2,0,0
BRDA:19,2,1,1355
BRF:4
BRH:2
end_of_record
TN:
SF:/Users/nemitariajienka/Desktop/projects/euler-contracts/contracts/BaseIRMLinearKink.sol
FN:14,constructor
FN:21,computeInterestRateImpl
FNF:2
FNH:2
FNDA:129,constructor
FNDA:367,computeInterestRateImpl
DA:15,129
DA:16,129
DA:17,129
DA:18,129
DA:22,367
DA:24,367
DA:25,358
DA:27,9
DA:28,9
DA:31,367
LF:10
LH:10
BRDA:24,1,0,358
BRDA:24,1,1,9
BRF:2
BRH:2
end_of_record
TN:
SF:/Users/nemitariajienka/Desktop/projects/euler-contracts/contracts/BaseLogic.sol
FN:14,constructor
FN:19,getSubAccount
FN:24,isSubAccountOf
FN:32,getEnteredMarketsArray
FN:50,isEnteredInMarket
FN:66,doEnterMarket
FN:91,doExitMarket
FN:131,resolveAssetConfig
FN:168,initAssetCache
FN:245,loadAssetCache
FN:259,loadAssetCacheRO
FN:267,decodeExternalAmount
FN:272,encodeAmount
FN:277,encodeSmallAmount
FN:282,encodeDebtAmount
FN:287,computeExchangeRate
FN:292,underlyingAmountToBalance
FN:297,underlyingAmountToBalanceRoundUp
FN:302,balanceToUnderlyingAmount
FN:307,callBalanceOf
FN:321,updateInterestRate
FN:339,logAssetStatus
FN:347,increaseBalance
FN:358,decreaseBalance
FN:371,transferBalance
FN:385,withdrawAmounts
FN:402,getCurrentOwedExact
FN:414,roundUpOwed
FN:425,getCurrentOwed
FN:429,updateUserBorrow
FN:438,logBorrowChange
FN:453,increaseBorrow
FN:472,decreaseBorrow
FN:492,transferBorrow
FN:525,increaseReserves
FN:536,pullTokens
FN:546,pushTokens
FN:561,getAssetPrice
FN:566,getAccountLiquidity
FN:574,checkLiquidity
FN:588,computeNewAverageLiquidity
FN:603,getUpdatedAverageLiquidity
FN:613,getUpdatedAverageLiquidityWithDelegate
FN:621,updateAverageLiquidity
FNF:44
FNH:44
FNDA:1092,constructor
FNDA:1519,getSubAccount
FNDA:172,isSubAccountOf
FNDA:587,getEnteredMarketsArray
FNDA:187,isEnteredInMarket
FNDA:692,doEnterMarket
FNDA:25,doExitMarket
FNDA:1514,resolveAssetConfig
FNDA:3390,initAssetCache
FNDA:1682,loadAssetCache
FNDA:841,loadAssetCacheRO
FNDA:1814,decodeExternalAmount
FNDA:1668,encodeAmount
FNDA:205,encodeSmallAmount
FNDA:3280,encodeDebtAmount
FNDA:1517,computeExchangeRate
FNDA:623,underlyingAmountToBalance
FNDA:86,underlyingAmountToBalanceRoundUp
FNDA:808,balanceToUnderlyingAmount
FNDA:4449,callBalanceOf
FNDA:1355,updateInterestRate
FNDA:1352,logAssetStatus
FNDA:621,increaseBalance
FNDA:66,decreaseBalance
FNDA:54,transferBalance
FNDA:80,withdrawAmounts
FNDA:1173,getCurrentOwedExact
FNDA:1558,roundUpOwed
FNDA:796,getCurrentOwed
FNDA:361,updateUserBorrow
FNDA:356,logBorrowChange
FNDA:233,increaseBorrow
FNDA:50,decreaseBorrow
FNDA:40,transferBorrow
FNDA:25,increaseReserves
FNDA:615,pullTokens
FNDA:216,pushTokens
FNDA:180,getAssetPrice
FNDA:143,getAccountLiquidity
FNDA:353,checkLiquidity
FNDA:53,computeNewAverageLiquidity
FNDA:118,getUpdatedAverageLiquidity
FNDA:91,getUpdatedAverageLiquidityWithDelegate
FNDA:1124,updateAverageLiquidity
DA:20,1519
DA:21,1518
DA:25,172
DA:33,587
DA:34,587
DA:36,587
DA:37,587
DA:39,515
DA:41,515
DA:43,515
DA:44,577
DA:47,515
DA:51,187
DA:52,187
DA:54,187
DA:55,187
DA:57,104
DA:59,104
DA:60,118
DA:63,5
DA:67,692
DA:69,692
DA:70,692
DA:72,692
DA:73,369
DA:74,339
DA:75,140
DA:79,634
DA:81,633
DA:84,633
DA:86,633
DA:92,25
DA:94,25
DA:95,25
DA:96,25
DA:98,25
DA:100,24
DA:101,17
DA:103,7
DA:104,6
DA:105,5
DA:106,5
DA:110,7
DA:113,22
DA:115,22
DA:116,9
DA:120,22
DA:122,22
DA:124,22
DA:132,1514
DA:133,1514
DA:135,1508
DA:136,1508
DA:138,1508
DA:169,3390
DA:171,3390
DA:175,3390
DA:176,3390
DA:177,3390
DA:178,3390
DA:179,3390
DA:180,3390
DA:181,3390
DA:183,3390
DA:185,3390
DA:186,3390
DA:188,3390
DA:192,3390
DA:197,3390
DA:198,3390
DA:199,3382
DA:201,8
DA:206,3390
DA:207,2283
DA:209,2283
DA:213,2283
DA:215,2283
DA:217,2283
DA:218,2283
DA:220,2283
DA:224,2283
DA:225,181
DA:226,181
DA:227,181
DA:232,2283
DA:233,2283
DA:234,2283
DA:235,2283
DA:237,2283
DA:238,180
DA:239,179
DA:246,1682
DA:247,1583
DA:249,1583
DA:250,1583
DA:252,1583
DA:253,1583
DA:255,1583
DA:260,841
DA:268,1814
DA:269,1801
DA:273,1668
DA:274,1667
DA:278,205
DA:279,204
DA:283,3280
DA:284,3280
DA:288,1517
DA:289,1042
DA:293,623
DA:294,623
DA:298,86
DA:299,86
DA:303,808
DA:304,808
DA:310,4449
DA:316,4449
DA:318,4412
DA:322,1355
DA:324,1355
DA:325,1355
DA:326,1355
DA:327,1355
DA:331,1355
DA:334,1355
DA:336,1355
DA:340,1352
DA:348,621
DA:350,621
DA:352,620
DA:354,620
DA:355,620
DA:359,66
DA:360,66
DA:361,59
DA:363,59
DA:365,59
DA:367,59
DA:368,59
DA:372,54
DA:373,54
DA:374,51
DA:375,51
DA:377,51
DA:378,51
DA:380,51
DA:381,51
DA:382,51
DA:386,80
DA:387,80
DA:388,13
DA:389,13
DA:391,67
DA:392,63
DA:395,76
DA:404,1173
DA:407,893
DA:415,1558
DA:417,1242
DA:426,796
DA:430,361
DA:432,361
DA:434,361
DA:435,361
DA:439,356
DA:440,356
DA:442,356
DA:443,265
DA:444,265
DA:445,265
DA:447,83
DA:448,83
DA:449,83
DA:454,233
DA:456,233
DA:458,231
DA:460,231
DA:462,231
DA:464,231
DA:465,231
DA:467,231
DA:469,231
DA:473,50
DA:475,50
DA:476,50
DA:478,50
DA:479,49
DA:480,49
DA:482,49
DA:484,49
DA:485,49
DA:487,49
DA:489,49
DA:493,40
DA:495,40
DA:496,40
DA:498,40
DA:501,40
DA:503,40
DA:504,38
DA:507,38
DA:508,8
DA:509,8
DA:512,38
DA:514,38
DA:515,38
DA:517,38
DA:518,38
DA:526,25
DA:527,25
DA:537,615
DA:539,615
DA:540,611
DA:542,608
DA:543,607
DA:547,216
DA:549,216
DA:550,214
DA:552,214
DA:553,213
DA:562,180
DA:563,180
DA:567,143
DA:568,143
DA:570,143
DA:571,143
DA:575,353
DA:577,353
DA:578,331
DA:580,14
DA:589,53
DA:590,53
DA:592,53
DA:594,53
DA:595,53
DA:596,53
DA:599,53
DA:604,118
DA:605,118
DA:607,43
DA:608,43
DA:610,39
DA:614,91
DA:616,91
DA:622,1124
DA:623,1124
DA:625,15
DA:626,15
DA:628,14
DA:629,14
LF:250
LH:250
BRDA:20,1,0,1518
BRDA:20,1,1,1
BRDA:37,2,0,72
BRDA:37,2,1,515
BRDA:54,3,0,0
BRDA:54,3,1,187
BRDA:55,4,0,83
BRDA:55,4,1,104
BRDA:60,5,0,99
BRDA:60,5,1,19
BRDA:72,6,0,369
BRDA:72,6,1,323
BRDA:73,7,0,30
BRDA:73,7,1,339
BRDA:75,8,0,28
BRDA:75,8,1,112
BRDA:79,9,0,633
BRDA:79,9,1,1
BRDA:81,10,0,323
BRDA:81,10,1,310
BRDA:98,11,0,1
BRDA:98,11,1,24
BRDA:100,12,0,17
BRDA:100,12,1,7
BRDA:104,13,0,5
BRDA:104,13,1,1
BRDA:110,14,0,2
BRDA:110,14,1,5
BRDA:115,15,0,9
BRDA:115,15,1,13
BRDA:116,16,0,7
BRDA:116,16,1,2
BRDA:122,17,0,12
BRDA:122,17,1,10
BRDA:133,18,0,1508
BRDA:133,18,1,6
BRDA:135,19,0,220
BRDA:135,19,1,1288
BRDA:136,20,0,1507
BRDA:136,20,1,1
BRDA:198,21,0,3382
BRDA:198,21,1,8
BRDA:206,22,0,2283
BRDA:206,22,1,1107
BRDA:224,23,0,181
BRDA:224,23,1,2102
BRDA:232,24,0,2283
BRDA:232,24,1,0
BRDA:237,25,0,180
BRDA:237,25,1,2103
BRDA:246,26,0,1583
BRDA:246,26,1,99
BRDA:268,27,0,1801
BRDA:268,27,1,13
BRDA:273,28,0,1667
BRDA:273,28,1,1
BRDA:278,29,0,204
BRDA:278,29,1,1
BRDA:283,30,0,3280
BRDA:283,30,1,0
BRDA:288,31,0,475
BRDA:288,31,1,1042
BRDA:316,32,0,37
BRDA:316,32,1,4412
BRDA:327,33,0,338
BRDA:327,33,1,1017
BRDA:360,34,0,59
BRDA:360,34,1,7
BRDA:373,35,0,51
BRDA:373,35,1,3
BRDA:387,36,0,13
BRDA:387,36,1,67
BRDA:404,37,0,280
BRDA:404,37,1,893
BRDA:415,38,0,316
BRDA:415,38,1,1242
BRDA:442,39,0,265
BRDA:442,39,1,91
BRDA:446,40,0,83
BRDA:446,40,1,8
BRDA:456,41,0,231
BRDA:456,41,1,2
BRDA:460,42,0,162
BRDA:460,42,1,69
BRDA:478,43,0,49
BRDA:478,43,1,1
BRDA:482,44,0,0
BRDA:482,44,1,49
BRDA:498,45,0,35
BRDA:498,45,1,5
BRDA:501,46,0,5
BRDA:501,46,1,35
BRDA:503,47,0,38
BRDA:503,47,1,2
BRDA:507,48,0,8
BRDA:507,48,1,30
BRDA:542,49,0,607
BRDA:542,49,1,1
BRDA:552,50,0,213
BRDA:552,50,1,1
BRDA:577,51,0,331
BRDA:577,51,1,22
BRDA:579,52,0,14
BRDA:579,52,1,8
BRDA:605,53,0,75
BRDA:605,53,1,43
BRDA:608,54,0,4
BRDA:608,54,1,39
BRDA:623,55,0,1109
BRDA:623,55,1,15
BRDA:626,56,0,1
BRDA:626,56,1,14
BRF:112
BRH:108
end_of_record
TN:
SF:/Users/nemitariajienka/Desktop/projects/euler-contracts/contracts/BaseModule.sol
FN:16,constructor
FN:24,unpackTrailingParamMsgSender
FN:30,unpackTrailingParams
FN:40,emitViaProxy_Transfer
FN:51,emitViaProxy_Approval
FNF:5
FNH:5
FNDA:1737,constructor
FNDA:1884,unpackTrailingParamMsgSender
FNDA:1671,unpackTrailingParams
FNDA:1079,emitViaProxy_Transfer
FNDA:12,emitViaProxy_Approval
DA:17,1737
DA:18,1737
DA:25,1884
DA:31,1671
DA:41,1079
DA:48,1079
DA:52,12
DA:59,12
LF:8
LH:8
BRDA:48,1,0,1078
BRDA:48,1,1,1
BRDA:59,2,0,11
BRDA:59,2,1,1
BRF:4
BRH:4
end_of_record
TN:
SF:/Users/nemitariajienka/Desktop/projects/euler-contracts/contracts/Constants.sol
FNF:0
FNH:0
LF:0
LH:0
BRF:0
BRH:0
end_of_record
TN:
SF:/Users/nemitariajienka/Desktop/projects/euler-contracts/contracts/Euler.sol
FN:10,constructor
FN:27,moduleIdToImplementation
FN:34,moduleIdToProxy
FN:38,dispatch
FNF:4
FNH:4
FNDA:129,constructor
FNDA:2,moduleIdToImplementation
FNDA:306,moduleIdToProxy
FNDA:7539,dispatch
DA:11,129
DA:13,129
DA:14,129
DA:15,129
DA:17,129
DA:18,129
DA:19,129
DA:28,2
DA:35,306
DA:39,7539
DA:40,7539
DA:42,7539
DA:44,7538
DA:46,7538
DA:47,7538
DA:49,7537
LF:16
LH:16
BRDA:42,1,0,7538
BRDA:42,1,1,1
BRDA:44,2,0,1651
BRDA:44,2,1,5887
BRDA:47,3,0,7537
BRDA:47,3,1,1
BRF:6
BRH:6
end_of_record
TN:
SF:/Users/nemitariajienka/Desktop/projects/euler-contracts/contracts/Events.sol
FNF:0
FNH:0
LF:0
LH:0
BRF:0
BRH:0
end_of_record
TN:
SF:/Users/nemitariajienka/Desktop/projects/euler-contracts/contracts/Interfaces.sol
FNF:0
FNH:0
LF:0
LH:0
BRF:0
BRH:0
end_of_record
TN:
SF:/Users/nemitariajienka/Desktop/projects/euler-contracts/contracts/IRiskManager.sol
FNF:0
FNH:0
LF:0
LH:0
BRF:0
BRH:0
end_of_record
TN:
SF:/Users/nemitariajienka/Desktop/projects/euler-contracts/contracts/mining/EulDistributor.sol
FN:24,constructor
FN:33,onlyOwner
FN:38,transferOwnership
FN:43,updateRoot
FN:55,claim
FNF:5
FNH:5
FNDA:120,constructor
FNDA:23,onlyOwner
FNDA:2,transferOwnership
FNDA:9,updateRoot
FNDA:404,claim
DA:25,120
DA:26,120
DA:27,120
DA:28,120
DA:34,23
DA:35,11
DA:39,2
DA:40,2
DA:44,9
DA:45,9
DA:56,404
DA:57,404
DA:59,300
DA:60,300
DA:62,274
DA:63,274
DA:67,274
DA:69,274
DA:70,174
DA:72,100
DA:73,80
DA:74,40
LF:22
LH:22
BRDA:34,1,0,11
BRDA:34,1,1,12
BRDA:57,2,0,300
BRDA:57,2,1,104
BRDA:60,3,0,274
BRDA:60,3,1,26
BRDA:69,4,0,174
BRDA:69,4,1,100
BRDA:72,5,0,80
BRDA:72,5,1,20
BRDA:73,6,0,40
BRDA:73,6,1,40
BRF:12
BRH:12
end_of_record
TN:
SF:/Users/nemitariajienka/Desktop/projects/euler-contracts/contracts/mining/EulStakes.sol
FN:14,constructor
FN:22,staked
FN:34,stake
FN:68,stakeGift
FN:87,stakePermit
FNF:5
FNH:5
FNDA:120,constructor
FNDA:87,staked
FNDA:17,stake
FNDA:46,stakeGift
FNDA:4,stakePermit
DA:15,120
DA:23,87
DA:35,17
DA:37,17
DA:38,27
DA:39,27
DA:41,26
DA:43,24
DA:45,24
DA:46,24
DA:47,24
DA:48,23
DA:51,23
DA:52,23
DA:54,23
DA:57,14
DA:58,8
DA:60,5
DA:69,46
DA:70,45
DA:72,44
DA:74,44
DA:75,44
DA:77,44
DA:88,4
DA:90,3
LF:26
LH:26
BRDA:39,1,0,1
BRDA:39,1,1,26
BRDA:41,2,0,24
BRDA:41,2,1,2
BRDA:47,3,0,23
BRDA:47,3,1,1
BRDA:57,4,0,8
BRDA:57,4,1,6
BRDA:59,5,0,5
BRDA:59,5,1,1
BRDA:69,6,0,45
BRDA:69,6,1,1
BRDA:70,7,0,1
BRDA:70,7,1,44
BRF:14
BRH:14
end_of_record
TN:
SF:/Users/nemitariajienka/Desktop/projects/euler-contracts/contracts/modules/DToken.sol
FN:10,constructor
FN:12,CALLER
FN:31,name
FN:37,symbol
FN:43,decimals
FN:49,underlyingAsset
FN:56,totalSupply
FN:64,totalSupplyExact
FN:73,balanceOf
FN:81,balanceOfExact
FN:92,borrow
FN:120,repay
FN:149,approveDebt
FN:167,debtAllowance
FN:181,transfer
FN:189,transferFrom
FNF:16
FNH:16
FNDA:129,constructor
FNDA:546,CALLER
FNDA:1,name
FNDA:1,symbol
FNDA:2,decimals
FNDA:1,underlyingAsset
FNDA:42,totalSupply
FNDA:5,totalSupplyExact
FNDA:197,balanceOf
FNDA:16,balanceOfExact
FNDA:191,borrow
FNDA:36,repay
FNDA:9,approveDebt
FNDA:17,debtAllowance
FNDA:7,transfer
FNDA:28,transferFrom
DA:13,546
DA:14,546
DA:15,546
DA:16,545
DA:17,545
DA:32,1
DA:33,1
DA:38,1
DA:39,1
DA:44,2
DA:45,2
DA:50,1
DA:51,1
DA:57,42
DA:58,41
DA:60,40
DA:65,5
DA:66,5
DA:68,5
DA:74,197
DA:75,197
DA:77,197
DA:82,16
DA:83,16
DA:85,16
DA:93,191
DA:94,191
DA:96,191
DA:97,191
DA:99,191
DA:101,191
DA:102,1
DA:104,190
DA:107,191
DA:109,188
DA:111,187
DA:113,186
DA:114,167
DA:121,36
DA:122,36
DA:124,36
DA:125,36
DA:127,36
DA:129,36
DA:130,33
DA:133,36
DA:134,36
DA:135,33
DA:137,33
DA:139,32
DA:141,32
DA:150,9
DA:151,9
DA:153,9
DA:155,5
DA:157,5
DA:159,5
DA:161,5
DA:168,17
DA:169,17
DA:171,17
DA:173,17
DA:182,7
DA:190,28
DA:191,28
DA:193,28
DA:194,28
DA:196,25
DA:197,25
DA:198,25
DA:200,25
DA:203,25
DA:205,24
DA:206,13
DA:207,3
DA:208,3
DA:211,14
DA:213,13
DA:214,10
DA:216,10
LF:80
LH:80
BRDA:15,1,0,545
BRDA:15,1,1,1
BRDA:101,2,0,1
BRDA:101,2,1,190
BRDA:107,3,0,188
BRDA:107,3,1,3
BRDA:129,4,0,33
BRDA:129,4,1,3
BRDA:134,5,0,3
BRDA:134,5,1,33
BRDA:135,6,0,3
BRDA:135,6,1,30
BRDA:153,7,0,5
BRDA:153,7,1,4
BRDA:193,8,0,7
BRDA:193,8,1,21
BRDA:194,9,0,25
BRDA:194,9,1,3
BRDA:200,10,0,5
BRDA:200,10,1,20
BRDA:203,11,0,1
BRDA:203,11,1,24
BRDA:205,12,0,13
BRDA:205,12,1,11
BRDA:206,13,0,3
BRDA:206,13,1,10
BRF:26
BRH:26
end_of_record
TN:
SF:/Users/nemitariajienka/Desktop/projects/euler-contracts/contracts/modules/EToken.sol
FN:10,constructor
FN:12,CALLER
FN:30,name
FN:36,symbol
FN:42,decimals
FN:47,underlyingAsset
FN:55,totalSupply
FN:63,totalSupplyUnderlying
FN:72,balanceOf
FN:79,balanceOfUnderlying
FN:88,reserveBalance
FN:96,reserveBalanceUnderlying
FN:107,convertBalanceToUnderlying
FN:117,convertUnderlyingToBalance
FN:126,touch
FN:139,deposit
FN:178,withdraw
FN:204,mint
FN:232,burn
FN:269,approve
FN:277,approveSubAccount
FN:292,allowance
FN:304,transfer
FN:311,transferFromMax
FN:321,transferFrom
FNF:25
FNH:25
FNDA:129,constructor
FNDA:1120,CALLER
FNDA:7,name
FNDA:1,symbol
FNDA:2,decimals
FNDA:1,underlyingAsset
FNDA:14,totalSupply
FNDA:35,totalSupplyUnderlying
FNDA:168,balanceOf
FNDA:120,balanceOfUnderlying
FNDA:6,reserveBalance
FNDA:39,reserveBalanceUnderlying
FNDA:4,convertBalanceToUnderlying
FNDA:3,convertUnderlyingToBalance
FNDA:3,touch
FNDA:589,deposit
FNDA:35,withdraw
FNDA:22,mint
FNDA:10,burn
FNDA:6,approve
FNDA:6,approveSubAccount
FNDA:13,allowance
FNDA:26,transfer
FNDA:2,transferFromMax
FNDA:42,transferFrom
DA:13,1120
DA:14,1120
DA:15,1120
DA:16,1120
DA:31,7
DA:32,7
DA:37,1
DA:38,1
DA:43,2
DA:48,1
DA:49,1
DA:56,14
DA:57,13
DA:59,13
DA:64,35
DA:65,35
DA:67,35
DA:73,168
DA:75,168
DA:80,120
DA:81,120
DA:83,120
DA:89,6
DA:90,6
DA:92,6
DA:97,39
DA:98,39
DA:100,39
DA:108,4
DA:109,4
DA:111,4
DA:118,3
DA:119,3
DA:121,3
DA:127,3
DA:128,3
DA:130,3
DA:132,3
DA:140,589
DA:141,589
DA:143,588
DA:144,588
DA:146,588
DA:148,588
DA:149,94
DA:152,588
DA:154,582
DA:155,575
DA:162,575
DA:168,575
DA:170,575
DA:172,573
DA:179,35
DA:180,35
DA:182,35
DA:183,35
DA:185,35
DA:187,35
DA:188,35
DA:189,31
DA:191,28
DA:193,26
DA:195,20
DA:197,20
DA:205,22
DA:206,22
DA:208,22
DA:209,22
DA:211,22
DA:213,22
DA:214,22
DA:215,22
DA:219,22
DA:223,21
DA:225,20
DA:226,13
DA:233,10
DA:234,10
DA:236,10
DA:237,10
DA:239,10
DA:241,10
DA:242,10
DA:244,9
DA:245,9
DA:247,9
DA:248,1
DA:249,1
DA:254,9
DA:258,9
DA:260,9
DA:261,9
DA:270,6
DA:278,6
DA:279,6
DA:281,6
DA:283,2
DA:284,2
DA:286,2
DA:293,13
DA:295,13
DA:305,26
DA:312,2
DA:314,2
DA:322,42
DA:324,42
DA:326,42
DA:327,42
DA:329,39
DA:330,39
DA:331,39
DA:333,39
DA:335,36
DA:336,6
DA:337,1
DA:338,1
DA:341,31
DA:343,28
DA:344,25
DA:346,23
DA:348,23
LF:121
LH:121
BRDA:16,1,0,1119
BRDA:16,1,1,1
BRDA:148,2,0,94
BRDA:148,2,1,494
BRDA:170,3,0,6
BRDA:170,3,1,569
BRDA:189,4,0,28
BRDA:189,4,1,3
BRDA:242,5,0,1
BRDA:242,5,1,9
BRDA:247,6,0,1
BRDA:247,6,1,8
BRDA:281,7,0,2
BRDA:281,7,1,4
BRDA:326,8,0,26
BRDA:326,8,1,16
BRDA:327,9,0,39
BRDA:327,9,1,3
BRDA:333,10,0,3
BRDA:333,10,1,36
BRDA:335,11,0,6
BRDA:335,11,1,30
BRDA:336,12,0,1
BRDA:336,12,1,5
BRDA:344,13,0,2
BRDA:344,13,1,23
BRF:26
BRH:26
end_of_record
TN:
SF:/Users/nemitariajienka/Desktop/projects/euler-contracts/contracts/modules/Exec.sol
FN:20,constructor
FN:40,liquidity
FN:50,detailedLiquidity
FN:61,getPrice
FN:73,getPriceFull
FN:86,deferLiquidityCheck
FN:104,batchDispatch
FN:167,batchDispatchExtra
FN:188,trackAverageLiquidity
FN:206,unTrackAverageLiquidity
FN:221,getAverageLiquidity
FN:228,getAverageLiquidityWithDelegate
FN:235,getAverageLiquidityDelegateAccount
FN:248,pTokenWrap
FN:269,pTokenUnWrap
FN:287,usePermit
FN:302,usePermitAllowed
FN:314,usePermitPacked
FN:326,doStaticCall
FNF:19
FNH:19
FNDA:129,constructor
FNDA:27,liquidity
FNDA:28,detailedLiquidity
FNDA:4,getPrice
FNDA:80,getPriceFull
FNDA:13,deferLiquidityCheck
FNDA:21,batchDispatch
FNDA:2,batchDispatchExtra
FNDA:12,trackAverageLiquidity
FNDA:3,unTrackAverageLiquidity
FNDA:27,getAverageLiquidity
FNDA:12,getAverageLiquidityWithDelegate
FNDA:14,getAverageLiquidityDelegateAccount
FNDA:3,pTokenWrap
FNDA:2,pTokenUnWrap
FNDA:2,usePermit
FNDA:2,usePermitAllowed
FNDA:2,usePermitPacked
FNDA:1,doStaticCall
DA:41,27
DA:44,27
DA:51,28
DA:54,28
DA:62,4
DA:65,2
DA:74,80
DA:77,75
DA:87,13
DA:89,13
DA:90,12
DA:92,12
DA:94,9
DA:95,9
DA:97,9
DA:105,21
DA:107,21
DA:108,7
DA:110,7
DA:111,6
DA:115,20
DA:117,20
DA:118,36
DA:119,36
DA:121,36
DA:122,36
DA:124,36
DA:125,35
DA:127,34
DA:128,34
DA:130,33
DA:131,33
DA:133,33
DA:134,26
DA:135,26
DA:136,26
DA:138,7
DA:143,10
DA:144,3
DA:146,3
DA:147,3
DA:149,3
DA:152,10
DA:168,2
DA:169,2
DA:170,2
DA:171,2
DA:174,2
DA:176,2
DA:177,3
DA:189,12
DA:190,12
DA:191,12
DA:193,11
DA:194,11
DA:196,11
DA:198,6
DA:200,6
DA:201,6
DA:207,3
DA:208,3
DA:210,3
DA:211,3
DA:213,3
DA:214,3
DA:215,3
DA:222,27
DA:229,12
DA:236,14
DA:237,14
DA:249,3
DA:251,3
DA:253,3
DA:254,3
DA:256,2
DA:257,2
DA:258,2
DA:259,2
DA:260,2
DA:263,1
DA:270,2
DA:272,2
DA:274,2
DA:275,2
DA:277,1
DA:288,2
DA:289,1
DA:291,1
DA:303,2
DA:304,1
DA:306,1
DA:315,2
DA:316,1
DA:318,1
DA:327,1
DA:328,1
DA:330,1
LF:97
LH:97
BRDA:89,1,0,12
BRDA:89,1,1,1
BRDA:97,2,0,9
BRDA:97,2,1,0
BRDA:110,3,0,6
BRDA:110,3,1,1
BRDA:124,4,0,35
BRDA:124,4,1,1
BRDA:125,5,0,34
BRDA:125,5,1,1
BRDA:127,6,0,19
BRDA:127,6,1,15
BRDA:128,7,0,33
BRDA:128,7,1,1
BRDA:133,8,0,26
BRDA:133,8,1,7
BRDA:149,9,0,3
BRDA:149,9,1,0
BRDA:191,10,0,11
BRDA:191,10,1,1
BRDA:196,11,0,5
BRDA:196,11,1,6
BRDA:254,12,0,2
BRDA:254,12,1,1
BRDA:260,13,0,1
BRDA:260,13,1,1
BRDA:275,14,0,1
BRDA:275,14,1,1
BRDA:288,15,0,1
BRDA:288,15,1,1
BRDA:303,16,0,1
BRDA:303,16,1,1
BRDA:315,17,0,1
BRDA:315,17,1,1
BRDA:328,18,0,0
BRDA:328,18,1,1
BRF:36
BRH:33
end_of_record
TN:
SF:/Users/nemitariajienka/Desktop/projects/euler-contracts/contracts/modules/Governance.sol
FN:10,constructor
FN:12,governorOnly
FN:23,setAssetConfig
FN:30,setIRM
FN:48,setPricingConfig
FN:63,setReserveFee
FN:77,convertReserves
FN:105,getGovernorAdmin
FNF:8
FNH:8
FNDA:129,constructor
FNDA:1154,governorOnly
FNDA:734,setAssetConfig
FNDA:394,setIRM
FNDA:4,setPricingConfig
FNDA:16,setReserveFee
FNDA:4,convertReserves
FNDA:7,getGovernorAdmin
DA:13,1154
DA:15,1154
DA:16,1152
DA:24,734
DA:25,733
DA:27,733
DA:31,394
DA:32,394
DA:34,393
DA:35,393
DA:37,393
DA:39,393
DA:41,393
DA:43,393
DA:45,393
DA:49,4
DA:50,4
DA:52,2
DA:53,2
DA:55,2
DA:57,1
DA:58,1
DA:60,1
DA:64,16
DA:65,16
DA:67,15
DA:69,14
DA:70,14
DA:72,14
DA:74,14
DA:78,4
DA:79,4
DA:81,3
DA:83,3
DA:84,3
DA:86,3
DA:87,3
DA:89,2
DA:91,2
DA:93,2
DA:95,2
DA:97,2
DA:99,2
DA:106,7
LF:44
LH:44
BRDA:15,1,0,1152
BRDA:15,1,1,2
BRDA:24,2,0,733
BRDA:24,2,1,1
BRDA:32,3,0,393
BRDA:32,3,1,1
BRDA:50,4,0,2
BRDA:50,4,1,2
BRDA:55,5,0,1
BRDA:55,5,1,1
BRDA:65,6,0,15
BRDA:65,6,1,1
BRDA:67,7,0,14
BRDA:67,7,1,1
BRDA:79,8,0,3
BRDA:79,8,1,1
BRDA:86,9,0,1
BRDA:86,9,1,2
BRDA:87,10,0,2
BRDA:87,10,1,1
BRDA:95,11,0,0
BRDA:95,11,1,2
BRF:22
BRH:21
end_of_record
TN:
SF:/Users/nemitariajienka/Desktop/projects/euler-contracts/contracts/modules/Installer.sol
FN:9,constructor
FN:11,adminOnly
FN:17,getUpgradeAdmin
FN:21,setUpgradeAdmin
FN:27,setGovernorAdmin
FN:33,installModules
FNF:6
FNH:6
FNDA:129,constructor
FNDA:74,adminOnly
FNDA:6,getUpgradeAdmin
FNDA:2,setUpgradeAdmin
FNDA:3,setGovernorAdmin
FNDA:66,installModules
DA:12,74
DA:13,74
DA:14,71
DA:18,6
DA:22,2
DA:23,1
DA:24,1
DA:28,3
DA:29,2
DA:30,2
DA:34,66
DA:35,539
DA:36,539
DA:37,537
DA:39,537
DA:41,537
DA:42,234
DA:43,233
DA:46,536
LF:19
LH:19
BRDA:13,1,0,71
BRDA:13,1,1,3
BRDA:22,2,0,1
BRDA:22,2,1,1
BRDA:28,3,0,2
BRDA:28,3,1,1
BRDA:41,4,0,234
BRDA:41,4,1,303
BRF:8
BRH:8
end_of_record
TN:
SF:/Users/nemitariajienka/Desktop/projects/euler-contracts/contracts/modules/interest-rate-models/IRMClassMajor.sol
FN:13,constructor
FNF:1
FNH:0
FNDA:0,constructor
LF:0
LH:0
BRF:0
BRH:0
end_of_record
TN:
SF:/Users/nemitariajienka/Desktop/projects/euler-contracts/contracts/modules/interest-rate-models/IRMClassMega.sol
FN:13,constructor
FNF:1
FNH:0
FNDA:0,constructor
LF:0
LH:0
BRF:0
BRH:0
end_of_record
TN:
SF:/Users/nemitariajienka/Desktop/projects/euler-contracts/contracts/modules/interest-rate-models/IRMClassMidCap.sol
FN:13,constructor
FNF:1
FNH:0
FNDA:0,constructor
LF:0
LH:0
BRF:0
BRH:0
end_of_record
TN:
SF:/Users/nemitariajienka/Desktop/projects/euler-contracts/contracts/modules/interest-rate-models/IRMClassStable.sol
FN:13,constructor
FNF:1
FNH:0
FNDA:0,constructor
LF:0
LH:0
BRF:0
BRH:0
end_of_record
TN:
SF:/Users/nemitariajienka/Desktop/projects/euler-contracts/contracts/modules/interest-rate-models/IRMDefault.sol
FN:13,constructor
FNF:1
FNH:1
FNDA:129,constructor
LF:0
LH:0
BRF:0
BRH:0
end_of_record
TN:
SF:/Users/nemitariajienka/Desktop/projects/euler-contracts/contracts/modules/interest-rate-models/test/IRMFixed.sol
FN:9,constructor
FN:11,computeInterestRateImpl
FNF:2
FNH:2
FNDA:129,constructor
FNDA:63,computeInterestRateImpl
DA:12,63
LF:1
LH:1
BRF:0
BRH:0
end_of_record
TN:
SF:/Users/nemitariajienka/Desktop/projects/euler-contracts/contracts/modules/interest-rate-models/test/IRMLinear.sol
FN:9,constructor
FN:13,computeInterestRateImpl
FNF:2
FNH:2
FNDA:129,constructor
FNDA:124,computeInterestRateImpl
DA:14,124
LF:1
LH:1
BRF:0
BRH:0
end_of_record
TN:
SF:/Users/nemitariajienka/Desktop/projects/euler-contracts/contracts/modules/interest-rate-models/test/IRMZero.sol
FN:9,constructor
FN:11,computeInterestRateImpl
FNF:2
FNH:2
FNDA:129,constructor
FNDA:801,computeInterestRateImpl
DA:12,801
LF:1
LH:1
BRF:0
BRH:0
end_of_record
TN:
SF:/Users/nemitariajienka/Desktop/projects/euler-contracts/contracts/modules/Liquidation.sol
FN:10,constructor
FN:55,computeLiqOpp
FN:162,computeDiscountBooster
FN:178,checkLiquidation
FN:198,liquidate
FN:222,executeLiquidation
FN:285,emitLiquidationLog
FNF:7
FNH:7
FNDA:129,constructor
FNDA:97,computeLiqOpp
FNDA:79,computeDiscountBooster
FNDA:63,checkLiquidation
FNDA:35,liquidate
FNDA:30,executeLiquidation
FNDA:22,emitLiquidationLog
DA:56,97
DA:57,95
DA:58,92
DA:60,90
DA:61,90
DA:63,90
DA:65,90
DA:66,90
DA:68,90
DA:69,90
DA:71,90
DA:73,90
DA:75,90
DA:76,4
DA:77,4
DA:80,86
DA:82,86
DA:83,7
DA:90,79
DA:91,79
DA:93,79
DA:95,79
DA:97,79
DA:98,79
DA:100,79
DA:101,79
DA:102,79
DA:107,79
DA:108,4
DA:110,75
DA:111,75
DA:113,75
DA:114,75
DA:116,75
DA:119,75
DA:120,75
DA:122,75
DA:123,0
DA:126,75
DA:127,75
DA:134,79
DA:135,79
DA:136,79
DA:142,79
DA:144,79
DA:145,79
DA:147,79
DA:148,8
DA:149,8
DA:155,79
DA:156,79
DA:163,79
DA:164,79
DA:166,79
DA:168,79
DA:179,63
DA:181,63
DA:182,63
DA:183,63
DA:184,63
DA:186,63
DA:188,60
DA:199,35
DA:201,34
DA:203,34
DA:205,34
DA:206,34
DA:209,34
DA:211,34
DA:212,34
DA:213,34
DA:214,34
DA:216,34
DA:219,30
DA:223,30
DA:226,25
DA:228,25
DA:229,25
DA:230,25
DA:232,25
DA:235,25
DA:236,25
DA:240,25
DA:244,25
DA:248,25
DA:249,25
DA:250,25
DA:251,25
DA:255,25
DA:259,25
DA:261,25
DA:262,25
DA:263,25
DA:265,25
DA:266,25
DA:270,23
DA:272,23
DA:274,23
DA:280,23
DA:282,22
DA:286,22
LF:101
LH:100
BRDA:56,1,0,95
BRDA:56,1,1,2
BRDA:57,2,0,92
BRDA:57,2,1,3
BRDA:58,3,0,90
BRDA:58,3,1,2
BRDA:75,4,0,4
BRDA:75,4,1,86
BRDA:82,5,0,7
BRDA:82,5,1,79
BRDA:97,6,0,2
BRDA:97,6,1,77
BRDA:98,7,0,36
BRDA:98,7,1,43
BRDA:107,8,0,4
BRDA:107,8,1,75
BRDA:122,9,0,0
BRDA:122,9,1,75
BRDA:136,10,0,8
BRDA:136,10,1,71
BRDA:147,11,0,8
BRDA:147,11,1,71
BRDA:164,12,0,2
BRDA:164,12,1,77
BRDA:199,13,0,34
BRDA:199,13,1,1
BRDA:223,14,0,25
BRDA:223,14,1,5
BRDA:232,15,0,14
BRDA:232,15,1,11
BRDA:266,16,0,23
BRDA:266,16,1,2
BRF:32
BRH:31
end_of_record
TN:
SF:/Users/nemitariajienka/Desktop/projects/euler-contracts/contracts/modules/Markets.sol
FN:12,constructor
FN:17,activateMarket
FN:22,doActivateMarket
FN:83,activatePToken
FN:111,underlyingToEToken
FN:118,underlyingToDToken
FN:125,underlyingToPToken
FN:132,underlyingToAssetConfig
FN:139,underlyingToAssetConfigUnresolved
FN:147,eTokenToUnderlying
FN:155,eTokenToDToken
FN:161,getAssetStorage
FN:170,interestRateModel
FN:179,interestRate
FN:188,interestAccumulator
FN:198,reserveFee
FN:209,getPricingConfig
FN:224,getEnteredMarkets
FN:231,enterMarket
FN:243,exitMarket
FNF:20
FNH:20
FNDA:129,constructor
FNDA:506,activateMarket
FNDA:518,doActivateMarket
FNDA:18,activatePToken
FNDA:1231,underlyingToEToken
FNDA:33,underlyingToDToken
FNDA:39,underlyingToPToken
FNDA:34,underlyingToAssetConfig
FNDA:733,underlyingToAssetConfigUnresolved
FNDA:2,eTokenToUnderlying
FNDA:926,eTokenToDToken
FNDA:120,getAssetStorage
FNDA:4,interestRateModel
FNDA:43,interestRate
FNDA:11,interestAccumulator
FNDA:27,reserveFee
FNDA:35,getPricingConfig
FNDA:58,getEnteredMarkets
FNDA:496,enterMarket
FNDA:28,exitMarket
DA:18,506
DA:19,505
DA:25,518
DA:30,517
DA:32,514
DA:33,514
DA:38,513
DA:40,513
DA:41,513
DA:43,507
DA:49,507
DA:50,507
DA:55,507
DA:57,507
DA:59,507
DA:61,507
DA:62,507
DA:63,507
DA:65,507
DA:67,507
DA:68,507
DA:69,507
DA:70,507
DA:72,507
DA:75,507
DA:77,507
DA:84,18
DA:86,17
DA:88,16
DA:89,16
DA:90,15
DA:93,13
DA:95,13
DA:96,13
DA:98,13
DA:100,13
DA:102,13
DA:112,1231
DA:119,33
DA:126,39
DA:133,34
DA:140,733
DA:141,733
DA:148,2
DA:149,2
DA:156,926
DA:157,926
DA:162,120
DA:163,120
DA:164,115
DA:171,4
DA:173,3
DA:180,43
DA:182,42
DA:189,11
DA:190,10
DA:192,10
DA:199,27
DA:201,26
DA:210,35
DA:212,34
DA:213,34
DA:215,34
DA:225,58
DA:232,496
DA:233,496
DA:235,496
DA:237,495
DA:244,28
DA:245,28
DA:247,28
DA:248,27
DA:250,27
DA:251,27
DA:253,27
DA:255,25
DA:257,25
DA:258,4
LF:78
LH:78
BRDA:18,1,0,505
BRDA:18,1,1,1
BRDA:25,2,0,1
BRDA:25,2,1,517
BRDA:30,3,0,514
BRDA:30,3,1,3
BRDA:33,4,0,513
BRDA:33,4,1,1
BRDA:84,5,0,17
BRDA:84,5,1,1
BRDA:86,6,0,1
BRDA:86,6,1,16
BRDA:90,7,0,13
BRDA:90,7,1,2
BRDA:141,8,0,732
BRDA:141,8,1,1
BRDA:149,9,0,1
BRDA:149,9,1,1
BRDA:157,10,0,925
BRDA:157,10,1,1
BRDA:163,11,0,115
BRDA:163,11,1,5
BRDA:235,12,0,495
BRDA:235,12,1,1
BRDA:253,13,0,25
BRDA:253,13,1,2
BRDA:257,14,0,4
BRDA:257,14,1,21
BRF:28
BRH:28
end_of_record
TN:
SF:/Users/nemitariajienka/Desktop/projects/euler-contracts/contracts/modules/RiskManager.sol
FN:38,constructor
FN:47,getNewMarketParameters
FN:113,computeUniswapPoolAddress
FN:127,decodeSqrtPriceX96
FN:140,callUniswapObserve
FN:184,resolvePricingConfig
FN:204,getPriceInternal
FN:218,getPrice
FN:229,getPriceFull
FN:253,computeLiquidityRaw
FN:318,computeLiquidity
FN:322,computeAssetLiquidities
FN:337,requireLiquidity
FNF:13
FNH:13
FNDA:129,constructor
FNDA:513,getNewMarketParameters
FNDA:1598,computeUniswapPoolAddress
FNDA:1139,decodeSqrtPriceX96
FNDA:1067,callUniswapObserve
FNDA:1203,resolvePricingConfig
FNDA:1128,getPriceInternal
FNDA:184,getPrice
FNDA:80,getPriceFull
FNDA:556,computeLiquidityRaw
FNDA:501,computeLiquidity
FNDA:28,computeAssetLiquidities
FNDA:331,requireLiquidity
DA:39,129
DA:40,129
DA:41,129
DA:48,513
DA:49,513
DA:50,513
DA:51,513
DA:53,513
DA:56,42
DA:57,42
DA:59,13
DA:60,13
DA:62,13
DA:71,458
DA:72,458
DA:74,458
DA:75,458
DA:76,458
DA:78,458
DA:79,1832
DA:80,1832
DA:82,462
DA:84,462
DA:85,460
DA:86,460
DA:87,460
DA:92,458
DA:93,457
DA:95,456
DA:96,456
DA:98,456
DA:101,3
DA:102,1
DA:104,1
DA:114,1598
DA:115,1598
DA:116,1598
DA:118,1598
DA:128,1139
DA:129,31
DA:131,1108
DA:132,1108
DA:133,1100
DA:136,1131
DA:141,1067
DA:143,1067
DA:144,1067
DA:146,1067
DA:148,1067
DA:149,117
DA:154,116
DA:156,116
DA:162,116
DA:166,116
DA:167,116
DA:169,116
DA:170,116
DA:175,1065
DA:177,1065
DA:179,1065
DA:181,1065
DA:185,1203
DA:186,4
DA:188,4
DA:189,4
DA:191,4
DA:192,4
DA:193,4
DA:195,4
DA:197,1199
DA:198,1199
DA:199,1199
DA:200,1199
DA:205,1128
DA:207,1127
DA:208,59
DA:209,59
DA:211,1067
DA:212,1067
DA:214,1
DA:219,184
DA:220,183
DA:221,183
DA:223,183
DA:230,80
DA:231,78
DA:232,78
DA:234,78
DA:236,75
DA:238,75
DA:239,1
DA:241,74
DA:242,74
DA:243,74
DA:244,74
DA:246,0
DA:254,556
DA:255,556
DA:256,556
DA:257,556
DA:259,556
DA:260,556
DA:261,556
DA:263,556
DA:264,1018
DA:266,1018
DA:267,1018
DA:269,1018
DA:270,1018
DA:272,1018
DA:273,459
DA:274,459
DA:276,459
DA:277,459
DA:279,459
DA:281,459
DA:282,86
DA:284,86
DA:285,86
DA:287,86
DA:288,33
DA:289,33
DA:292,86
DA:293,86
DA:294,86
DA:295,86
DA:298,86
DA:299,86
DA:300,86
DA:303,459
DA:304,459
DA:305,459
DA:307,408
DA:308,408
DA:310,408
DA:311,408
DA:312,408
DA:313,408
DA:319,501
DA:323,28
DA:325,28
DA:327,28
DA:329,28
DA:330,55
DA:331,55
DA:334,28
DA:338,331
DA:340,331
DA:341,313
LF:149
LH:148
BRDA:53,1,0,42
BRDA:53,1,1,471
BRDA:58,2,0,13
BRDA:58,2,1,458
BRDA:80,3,0,1370
BRDA:80,3,1,462
BRDA:84,4,0,460
BRDA:84,4,1,2
BRDA:92,5,0,457
BRDA:92,5,1,1
BRDA:93,6,0,456
BRDA:93,6,1,1
BRDA:101,7,0,2
BRDA:101,7,1,1
BRDA:116,8,0,1438
BRDA:116,8,1,160
BRDA:128,9,0,31
BRDA:128,9,1,1108
BRDA:132,10,0,8
BRDA:132,10,1,1100
BRDA:136,11,0,2
BRDA:136,11,1,1129
BRDA:137,12,0,12
BRDA:137,12,1,1117
BRDA:148,13,0,117
BRDA:148,13,1,950
BRDA:149,14,0,1
BRDA:149,14,1,116
BRDA:162,15,0,76
BRDA:162,15,1,40
BRDA:170,16,0,1
BRDA:170,16,1,115
BRDA:185,17,0,4
BRDA:185,17,1,1199
BRDA:195,18,0,3
BRDA:195,18,1,1
BRDA:207,19,0,59
BRDA:207,19,1,1068
BRDA:210,20,0,1067
BRDA:210,20,1,1
BRDA:238,21,0,1
BRDA:238,21,1,74
BRDA:240,22,0,74
BRDA:240,22,1,0
BRDA:272,23,0,459
BRDA:272,23,1,559
BRDA:277,24,0,139
BRDA:277,24,1,320
BRDA:281,25,0,86
BRDA:281,25,1,373
BRDA:287,26,0,33
BRDA:287,26,1,53
BRDA:306,27,0,408
BRDA:306,27,1,151
BRDA:340,28,0,313
BRDA:340,28,1,18
BRDA:341,29,0,288
BRDA:341,29,1,25
BRF:58
BRH:57
end_of_record
TN:
SF:/Users/nemitariajienka/Desktop/projects/euler-contracts/contracts/modules/Swap.sol
FN:125,constructor
FN:132,swapUniExactInputSingle
FN:164,swapUniExactInput
FN:195,swapUniExactOutputSingle
FN:214,swapUniExactOutput
FN:236,swapAndRepayUniSingle
FN:256,swapAndRepayUni
FN:277,swap1Inch
FN:300,initSwap
FN:343,doSwapUniExactOutputSingle
FN:367,doSwapUniExactOutput
FN:388,setWithdrawAmounts
FN:395,finalizeSwap
FN:405,finalizeSwapAndRepay
FN:416,processWithdraw
FN:424,processDeposit
FN:437,processRepay
FN:443,checkBalances
FN:452,decodeUniPath
FN:462,getRepayAmount
FN:468,toAddress
FNF:21
FNH:20
FNDA:129,constructor
FNDA:23,swapUniExactInputSingle
FNDA:5,swapUniExactInput
FNDA:5,swapUniExactOutputSingle
FNDA:3,swapUniExactOutput
FNDA:6,swapAndRepayUniSingle
FNDA:4,swapAndRepayUni
FNDA:0,swap1Inch
FNDA:42,initSwap
FNDA:10,doSwapUniExactOutputSingle
FNDA:6,doSwapUniExactOutput
FNDA:36,setWithdrawAmounts
FNDA:23,finalizeSwap
FNDA:8,finalizeSwapAndRepay
FNDA:31,processWithdraw
FNDA:22,processDeposit
FNDA:8,processRepay
FNDA:31,checkBalances
FNDA:12,decodeUniPath
FNDA:10,getRepayAmount
FNDA:16,toAddress
DA:126,129
DA:127,129
DA:133,23
DA:142,21
DA:144,20
DA:146,20
DA:159,16
DA:165,5
DA:167,2
DA:176,1
DA:178,1
DA:180,1
DA:190,1
DA:196,5
DA:205,5
DA:207,5
DA:209,4
DA:215,3
DA:217,2
DA:226,2
DA:228,2
DA:230,2
DA:237,6
DA:246,6
DA:248,5
DA:250,4
DA:257,4
DA:259,4
DA:268,4
DA:270,4
DA:272,4
DA:278,0
DA:287,0
DA:289,0
DA:291,0
DA:292,0
DA:294,0
DA:295,0
DA:297,0
DA:308,42
DA:310,41
DA:311,41
DA:312,41
DA:314,41
DA:315,41
DA:316,2
DA:318,41
DA:327,41
DA:328,41
DA:330,41
DA:331,41
DA:333,41
DA:334,40
DA:336,39
DA:337,39
DA:339,39
DA:340,39
DA:344,10
DA:346,10
DA:358,8
DA:360,8
DA:362,8
DA:363,7
DA:368,6
DA:370,6
DA:379,6
DA:381,6
DA:383,6
DA:384,5
DA:389,36
DA:390,36
DA:392,35
DA:396,23
DA:398,23
DA:400,22
DA:402,21
DA:406,8
DA:408,8
DA:410,8
DA:413,8
DA:417,31
DA:419,31
DA:421,30
DA:425,22
DA:426,22
DA:428,22
DA:430,22
DA:432,22
DA:434,21
DA:438,8
DA:440,8
DA:444,31
DA:446,31
DA:447,31
DA:449,31
DA:453,12
DA:454,9
DA:456,8
DA:457,8
DA:459,8
DA:463,10
DA:464,10
DA:465,9
DA:470,16
LF:104
LH:96
BRDA:292,1,0,0
BRDA:292,1,1,0
BRDA:295,2,0,0
BRDA:295,2,1,0
BRDA:308,3,0,41
BRDA:308,3,1,1
BRDA:315,4,0,2
BRDA:315,4,1,39
BRDA:333,5,0,40
BRDA:333,5,1,1
BRDA:334,6,0,39
BRDA:334,6,1,1
BRDA:358,7,0,8
BRDA:358,7,1,0
BRDA:362,8,0,7
BRDA:362,8,1,1
BRDA:379,9,0,6
BRDA:379,9,1,0
BRDA:383,10,0,5
BRDA:383,10,1,1
BRDA:390,11,0,35
BRDA:390,11,1,1
BRDA:432,12,0,1
BRDA:432,12,1,21
BRDA:446,13,0,31
BRDA:446,13,1,0
BRDA:447,14,0,31
BRDA:447,14,1,0
BRDA:453,15,0,9
BRDA:453,15,1,3
BRDA:454,16,0,8
BRDA:454,16,1,1
BRDA:464,17,0,9
BRDA:464,17,1,1
BRF:34
BRH:26
end_of_record
TN:
SF:/Users/nemitariajienka/Desktop/projects/euler-contracts/contracts/Proxy.sol
FN:8,constructor
FN:14,
FNF:2
FNH:2
FNDA:1374,constructor
FNDA:8631,
DA:9,1374
DA:15,8631
DA:17,8631
DA:18,1094
DA:33,7537
LF:5
LH:5
BRDA:17,1,0,1094
BRDA:17,1,1,7537
BRF:2
BRH:2
end_of_record
TN:
SF:/Users/nemitariajienka/Desktop/projects/euler-contracts/contracts/PToken.sol
FN:13,constructor
FN:29,name
FN:34,symbol
FN:39,decimals
FN:44,underlying
FN:50,balanceOf
FN:55,totalSupply
FN:62,allowance
FN:70,transfer
FN:78,transferFrom
FN:94,approve
FN:104,wrap
FN:111,unwrap
FN:116,forceUnwrap
FN:123,claimSurplus
FN:137,doUnwrap
FNF:16
FNH:16
FNDA:13,constructor
FNDA:1,name
FNDA:1,symbol
FNDA:14,decimals
FNDA:1,underlying
FNDA:17,balanceOf
FNDA:1,totalSupply
FNDA:1,allowance
FNDA:2,transfer
FNDA:7,transferFrom
FNDA:2,approve
FNDA:4,wrap
FNDA:2,unwrap
FNDA:2,forceUnwrap
FNDA:6,claimSurplus
FNDA:3,doUnwrap
DA:14,13
DA:15,13
DA:30,1
DA:35,1
DA:40,14
DA:45,1
DA:51,17
DA:56,1
DA:63,1
DA:71,2
DA:79,7
DA:80,6
DA:81,2
DA:82,1
DA:83,1
DA:85,5
DA:86,5
DA:87,5
DA:88,5
DA:95,2
DA:96,2
DA:97,2
DA:105,4
DA:106,4
DA:112,2
DA:117,2
DA:118,1
DA:124,6
DA:125,6
DA:127,5
DA:129,5
DA:130,5
DA:131,5
DA:138,3
DA:140,2
DA:141,2
DA:143,2
DA:144,2
LF:38
LH:38
BRDA:79,1,0,6
BRDA:79,1,1,1
BRDA:80,2,0,2
BRDA:80,2,1,4
BRDA:81,3,0,1
BRDA:81,3,1,1
BRDA:117,4,0,1
BRDA:117,4,1,1
BRDA:125,5,0,5
BRDA:125,5,1,1
BRDA:138,6,0,2
BRDA:138,6,1,1
BRF:12
BRH:12
end_of_record
TN:
SF:/Users/nemitariajienka/Desktop/projects/euler-contracts/contracts/Storage.sol
FNF:0
FNH:0
LF:0
LH:0
BRF:0
BRH:0
end_of_record
TN:
SF:/Users/nemitariajienka/Desktop/projects/euler-contracts/contracts/test/FlashLoanAdaptorTest.sol
FN:11,setMaxAllowance
FN:15,testFlashBorrow
FN:27,onFlashLoan
FN:49,_borrow
FN:53,_emitBorrowResult
FNF:5
FNH:5
FNDA:16,setMaxAllowance
FNDA:8,testFlashBorrow
FNDA:15,onFlashLoan
FNDA:15,_borrow
FNDA:15,_emitBorrowResult
DA:12,16
DA:16,8
DA:18,8
DA:20,5
DA:21,9
DA:22,19
DA:28,15
DA:31,15
DA:33,15
DA:35,15
DA:36,7
DA:37,7
DA:46,13
DA:50,15
DA:54,15
LF:15
LH:15
BRDA:35,1,0,7
BRDA:35,1,1,8
BRF:2
BRH:2
end_of_record
TN:
SF:/Users/nemitariajienka/Desktop/projects/euler-contracts/contracts/test/FlashLoanAdaptorTest2.sol
FNF:0
FNH:0
LF:0
LH:0
BRF:0
BRH:0
end_of_record
TN:
SF:/Users/nemitariajienka/Desktop/projects/euler-contracts/contracts/test/FlashLoanNativeTest.sol
FN:22,testFlashLoan
FN:26,onDeferredLiquidityCheck
FNF:2
FNH:2
FNDA:2,testFlashLoan
FNDA:2,onDeferredLiquidityCheck
DA:23,2
DA:27,2
DA:29,2
DA:30,2
DA:32,2
DA:34,2
DA:35,2
DA:37,2
DA:38,1
DA:39,1
DA:41,1
DA:42,1
LF:12
LH:12
BRDA:34,1,0,2
BRDA:34,1,1,0
BRDA:35,2,0,2
BRDA:35,2,1,0
BRDA:37,3,0,1
BRDA:37,3,1,1
BRDA:41,4,0,1
BRDA:41,4,1,0
BRDA:42,5,0,1
BRDA:42,5,1,0
BRF:10
BRH:6
end_of_record
TN:
SF:/Users/nemitariajienka/Desktop/projects/euler-contracts/contracts/test/InvariantChecker.sol
FN:31,check
FNF:1
FNH:0
FNDA:0,check
DA:32,0
DA:33,0
DA:35,0
DA:37,0
DA:38,0
DA:39,0
DA:41,0
DA:42,0
DA:43,0
DA:45,0
DA:46,0
DA:48,0
DA:49,0
DA:51,0
DA:52,0
DA:53,0
DA:54,0
DA:57,0
DA:58,0
DA:59,0
DA:60,0
DA:63,0
DA:64,0
DA:65,0
DA:69,0
DA:70,0
DA:71,0
DA:72,0
DA:74,0
DA:76,0
DA:77,0
DA:78,0
DA:79,0
DA:80,0
DA:81,0
DA:82,0
DA:83,0
DA:84,0
DA:85,0
DA:86,0
DA:87,0
DA:88,0
DA:89,0
DA:90,0
DA:93,0
DA:96,0
LF:46
LH:0
BRDA:54,1,0,0
BRDA:54,1,1,0
BRDA:60,2,0,0
BRDA:60,2,1,0
BRDA:76,3,0,0
BRDA:76,3,1,0
BRDA:93,4,0,0
BRDA:93,4,1,0
BRDA:96,5,0,0
BRDA:96,5,1,0
BRF:10
BRH:0
end_of_record
TN:
SF:/Users/nemitariajienka/Desktop/projects/euler-contracts/contracts/test/JunkETokenUpgrade.sol
FN:9,constructor
FN:11,name
FNF:2
FNH:2
FNDA:3,constructor
FNDA:3,name
DA:12,3
LF:1
LH:1
BRF:0
BRH:0
end_of_record
TN:
SF:/Users/nemitariajienka/Desktop/projects/euler-contracts/contracts/test/JunkMarketsUpgrade.sol
FN:9,constructor
FN:11,getEnteredMarkets
FNF:2
FNH:2
FNDA:6,constructor
FNDA:1,getEnteredMarkets
DA:12,1
DA:13,1
LF:2
LH:2
BRDA:13,1,0,0
BRDA:13,1,1,1
BRF:2
BRH:1
end_of_record
TN:
SF:/Users/nemitariajienka/Desktop/projects/euler-contracts/contracts/test/MockUniswapV3Factory.sol
FN:19,deploy
FN:25,createPool
FN:36,setPoolAddress
FNF:3
FNH:3
FNDA:454,deploy
FNDA:454,createPool
FNDA:1,setPoolAddress
DA:20,454
DA:21,454
DA:22,454
DA:26,454
DA:27,454
DA:28,454
DA:29,454
DA:31,454
DA:32,454
DA:33,454
DA:37,1
DA:38,1
DA:39,1
LF:13
LH:13
BRDA:26,1,0,454
BRDA:26,1,1,0
BRDA:28,2,0,454
BRDA:28,2,1,0
BRDA:29,3,0,454
BRDA:29,3,1,0
BRF:6
BRH:3
end_of_record
TN:
SF:/Users/nemitariajienka/Desktop/projects/euler-contracts/contracts/test/MockUniswapV3Pool.sol
FN:22,constructor
FN:37,mockSetTwap
FN:42,initialize
FN:46,mockSetThrowOld
FN:50,mockSetThrowNotInitiated
FN:54,mockSetThrowOther
FN:58,mockSetThrowEmpty
FN:63,observations
FN:67,slot0
FN:79,observe
FN:97,increaseObservationCardinalityNext
FN:108,mockSetLiquidity
FNF:12
FNH:11
FNDA:454,constructor
FNDA:338,mockSetTwap
FNDA:0,initialize
FNDA:1,mockSetThrowOld
FNDA:1,mockSetThrowNotInitiated
FNDA:2,mockSetThrowOther
FNDA:1,mockSetThrowEmpty
FNDA:1,observations
FNDA:33,slot0
FNDA:905,observe
FNDA:410,increaseObservationCardinalityNext
FNDA:7,mockSetLiquidity
DA:23,454
DA:38,338
DA:39,338
DA:43,0
DA:47,1
DA:51,1
DA:55,2
DA:59,1
DA:64,1
DA:68,33
DA:71,33
DA:74,33
DA:75,33
DA:76,33
DA:80,905
DA:81,903
DA:83,902
DA:84,902
DA:85,902
DA:87,902
DA:88,902
DA:90,902
DA:91,902
DA:92,902
DA:99,410
DA:100,409
DA:101,408
DA:102,407
DA:109,7
LF:29
LH:28
BRDA:80,1,0,903
BRDA:80,1,1,2
BRDA:81,2,0,902
BRDA:81,2,1,1
BRDA:83,3,0,902
BRDA:83,3,1,0
BRDA:84,4,0,902
BRDA:84,4,1,0
BRDA:85,5,0,902
BRDA:85,5,1,0
BRDA:99,6,0,409
BRDA:99,6,1,1
BRDA:100,7,0,408
BRDA:100,7,1,1
BRDA:101,8,0,407
BRDA:101,8,1,1
BRF:16
BRH:13
end_of_record
TN:
SF:/Users/nemitariajienka/Desktop/projects/euler-contracts/contracts/test/SimpleUniswapPeriphery.sol
FN:19,swapExact0For1
FN:28,swap0ForExact1
FN:37,swapExact1For0
FN:46,swap1ForExact0
FN:55,swapToLowerSqrtPrice
FN:63,swapToHigherSqrtPrice
FN:71,uniswapV3SwapCallback
FN:88,mint
FN:98,uniswapV3MintCallback
FNF:9
FNH:4
FNDA:0,swapExact0For1
FNDA:0,swap0ForExact1
FNDA:143,swapExact1For0
FNDA:0,swap1ForExact0
FNDA:0,swapToLowerSqrtPrice
FNDA:0,swapToHigherSqrtPrice
FNDA:143,uniswapV3SwapCallback
FNDA:271,mint
FNDA:271,uniswapV3MintCallback
DA:25,0
DA:34,0
DA:43,143
DA:52,0
DA:60,0
DA:68,0
DA:76,143
DA:78,143
DA:79,0
DA:81,143
DA:84,0
DA:95,271
DA:103,271
DA:105,271
DA:106,271
DA:107,271
DA:108,271
LF:17
LH:10
BRDA:78,1,0,0
BRDA:78,1,1,143
BRDA:80,2,0,143
BRDA:80,2,1,0
BRDA:105,3,0,271
BRDA:105,3,1,0
BRDA:107,4,0,271
BRDA:107,4,1,0
BRF:8
BRH:4
end_of_record
TN:
SF:/Users/nemitariajienka/Desktop/projects/euler-contracts/contracts/test/TestERC20.sol
FN:41,constructor
FN:49,name
FN:55,symbol
FN:61,balanceOf
FN:80,approve
FN:91,transfer
FN:101,transferFrom
FN:147,_getChainId
FN:154,DOMAIN_SEPARATOR
FN:166,PERMIT_TYPEHASH
FN:174,permit
FN:180,permit
FN:189,permit
FN:198,applyPermit
FN:211,secured
FN:223,configure
FN:227,behaviour
FN:237,changeOwner
FN:241,mint
FN:246,setBalance
FN:250,changeDecimals
FN:254,callSelfDestruct
FN:258,consumeAllGas
FN:262,doReturn
FNF:24
FNH:23
FNDA:2097,constructor
FNDA:40,name
FNDA:30,symbol
FNDA:7061,balanceOf
FNDA:1318,approve
FNDA:604,transfer
FNDA:2008,transferFrom
FNDA:11,_getChainId
FNDA:11,DOMAIN_SEPARATOR
FNDA:11,PERMIT_TYPEHASH
FNDA:5,permit
FNDA:1,permit
FNDA:1,permit
FNDA:7,applyPermit
FNDA:1020,secured
FNDA:25,configure
FNDA:49328,behaviour
FNDA:0,changeOwner
FNDA:989,mint
FNDA:2,setBalance
FNDA:3,changeDecimals
FNDA:1,callSelfDestruct
FNDA:8,consumeAllGas
FNDA:3318,doReturn
DA:42,2097
DA:43,2097
DA:44,2097
DA:45,2097
DA:46,2097
DA:50,40
DA:51,40
DA:52,1
DA:56,30
DA:57,30
DA:58,1
DA:62,7061
DA:63,7061
DA:65,7045
DA:66,7045
DA:68,7037
DA:69,7037
DA:71,7029
DA:72,7029
DA:74,7021
DA:75,7016
DA:77,7016
DA:81,1318
DA:82,1318
DA:84,1318
DA:85,1318
DA:87,1316
DA:88,1316
DA:92,604
DA:94,604
DA:95,604
DA:97,602
DA:98,602
DA:102,2008
DA:103,2006
DA:104,25
DA:105,24
DA:108,2005
DA:109,2005
DA:111,2005
DA:112,2005
DA:114,2005
DA:115,2005
DA:116,1
DA:119,2005
DA:124,2005
DA:126,2005
DA:127,1401
DA:128,1401
DA:129,1
DA:130,1
DA:131,1
DA:134,1400
DA:135,1400
DA:137,1398
DA:138,1398
DA:148,11
DA:149,11
DA:155,11
DA:167,11
DA:168,11
DA:175,5
DA:176,5
DA:181,1
DA:182,1
DA:184,1
DA:185,1
DA:190,1
DA:191,1
DA:192,1
DA:193,1
DA:194,1
DA:199,7
DA:200,7
DA:201,7
DA:202,7
DA:203,3
DA:205,3
DA:207,3
DA:212,1020
DA:213,1020
DA:224,25
DA:228,49328
DA:229,762
DA:230,67
DA:233,49256
DA:238,0
DA:242,989
DA:243,989
DA:247,2
DA:251,3
DA:255,1
DA:259,8
DA:263,3318
DA:265,3314
LF:95
LH:94
BRDA:51,1,0,39
BRDA:51,1,1,1
BRDA:57,2,0,29
BRDA:57,2,1,1
BRDA:63,3,0,16
BRDA:63,3,1,7045
BRDA:66,4,0,8
BRDA:66,4,1,7037
BRDA:69,5,0,8
BRDA:69,5,1,7029
BRDA:72,6,0,8
BRDA:72,6,1,7021
BRDA:75,7,0,0
BRDA:75,7,1,7016
BRDA:85,8,0,2
BRDA:85,8,1,1316
BRDA:95,9,0,2
BRDA:95,9,1,602
BRDA:102,10,0,2006
BRDA:102,10,1,2
BRDA:103,11,0,25
BRDA:103,11,1,1981
BRDA:104,12,0,24
BRDA:104,12,1,1
BRDA:115,13,0,1
BRDA:115,13,1,2004
BRDA:126,14,0,1401
BRDA:126,14,1,604
BRDA:128,15,0,1
BRDA:128,15,1,1400
BRDA:131,16,0,1
BRDA:131,16,1,0
BRDA:135,17,0,2
BRDA:135,17,1,1398
BRDA:201,18,0,7
BRDA:201,18,1,0
BRDA:202,19,0,3
BRDA:202,19,1,4
BRDA:203,20,0,3
BRDA:203,20,1,0
BRDA:212,21,0,1020
BRDA:212,21,1,0
BRDA:229,22,0,67
BRDA:229,22,1,690
BRDA:263,23,0,4
BRDA:263,23,1,3314
BRF:46
BRH:41
end_of_record
TN:
SF:/Users/nemitariajienka/Desktop/projects/euler-contracts/contracts/test/TestModule.sol
FN:8,constructor
FN:10,setModuleId
FN:14,setModuleImpl
FN:19,setPricingType
FN:23,testCreateProxyOnInternalModule
FN:27,testDecreaseBorrow
FN:34,testTransferBorrow
FN:41,testEmitViaProxyTransfer
FN:45,testEmitViaProxyApproval
FN:49,testDispatchEmptyData
FN:55,testUnrecognizedETokenCaller
FN:60,testUnrecognizedDTokenCaller
FN:65,testCall
FN:69,issueLogToProxy
FN:75,testProxyLogs
FNF:15
FNH:14
FNDA:51,constructor
FNDA:1,setModuleId
FNDA:1,setModuleImpl
FNDA:2,setPricingType
FNDA:1,testCreateProxyOnInternalModule
FNDA:1,testDecreaseBorrow
FNDA:1,testTransferBorrow
FNDA:1,testEmitViaProxyTransfer
FNDA:1,testEmitViaProxyApproval
FNDA:1,testDispatchEmptyData
FNDA:1,testUnrecognizedETokenCaller
FNDA:1,testUnrecognizedDTokenCaller
FNDA:0,testCall
FNDA:5,issueLogToProxy
FNDA:1,testProxyLogs
DA:11,1
DA:15,1
DA:16,1
DA:20,2
DA:24,1
DA:28,1
DA:29,1
DA:30,1
DA:31,1
DA:35,1
DA:36,1
DA:37,1
DA:38,1
DA:42,1
DA:46,1
DA:50,1
DA:51,1
DA:52,1
DA:56,1
DA:57,1
DA:61,1
DA:62,1
DA:66,0
DA:70,5
DA:71,5
DA:72,5
DA:76,1
DA:78,1
DA:83,1
DA:89,1
DA:96,1
DA:104,1
LF:32
LH:31
BRDA:52,1,0,1
BRDA:52,1,1,0
BRDA:57,2,0,1
BRDA:57,2,1,0
BRDA:62,3,0,1
BRDA:62,3,1,0
BRDA:72,4,0,5
BRDA:72,4,1,0
BRF:8
BRH:4
end_of_record
TN:
SF:/Users/nemitariajienka/Desktop/projects/euler-contracts/contracts/Utils.sol
FN:8,safeTransferFrom
FN:13,safeTransfer
FN:18,safeApprove
FNF:3
FNH:3
FNDA:686,safeTransferFrom
FNDA:412,safeTransfer
FNDA:169,safeApprove
DA:9,686
DA:10,686
DA:14,412
DA:15,412
DA:19,169
DA:20,169
LF:6
LH:6
BRDA:10,1,0,682
BRDA:10,1,1,4
BRDA:15,2,0,410
BRDA:15,2,1,2
BRDA:20,3,0,169
BRDA:20,3,1,0
BRF:6
BRH:5
end_of_record
TN:
SF:/Users/nemitariajienka/Desktop/projects/euler-contracts/contracts/vendor/FullMath.sol
FN:21,mulDiv
FN:123,mulDivRoundingUp
FNF:2
FNH:1
FNDA:1139,mulDiv
FNDA:0,mulDivRoundingUp
DA:26,1139
DA:128,0
LF:2
LH:1
BRF:0
BRH:0
end_of_record
TN:
SF:/Users/nemitariajienka/Desktop/projects/euler-contracts/contracts/vendor/ISwapRouter.sol
FNF:0
FNH:0
LF:0
LH:0
BRF:0
BRH:0
end_of_record
TN:
SF:/Users/nemitariajienka/Desktop/projects/euler-contracts/contracts/vendor/IUniswapV3SwapCallback.sol
FNF:0
FNH:0
LF:0
LH:0
BRF:0
BRH:0
end_of_record
TN:
SF:/Users/nemitariajienka/Desktop/projects/euler-contracts/contracts/vendor/MerkleProof.sol
FN:22,verify
FN:38,processProof
FN:53,_efficientHash
FNF:3
FNH:2
FNDA:0,verify
FNDA:404,processProof
FNDA:2760,_efficientHash
DA:27,0
DA:39,404
DA:40,404
DA:41,2760
DA:42,2760
DA:44,1388
DA:47,1372
DA:50,404
DA:54,2760
LF:9
LH:8
BRDA:42,1,0,1388
BRDA:42,1,1,1372
BRF:2
BRH:2
end_of_record
TN:
SF:/Users/nemitariajienka/Desktop/projects/euler-contracts/contracts/vendor/RPow.sol
FN:23,rpow
FNF:1
FNH:1
FNDA:2339,rpow
DA:24,2339
LF:1
LH:1
BRF:0
BRH:0
end_of_record
TN:
SF:/Users/nemitariajienka/Desktop/projects/euler-contracts/contracts/vendor/TickMath.sol
FN:30,getSqrtRatioAtTick
FN:70,getTickAtSqrtRatio
FNF:2
FNH:2
FNDA:1346,getSqrtRatioAtTick
FNDA:338,getTickAtSqrtRatio
DA:31,1346
DA:71,338
LF:2
LH:2
BRF:0
BRH:0
end_of_record
TN:
SF:/Users/nemitariajienka/Desktop/projects/euler-contracts/contracts/views/EulerGeneralView.sol
FN:22,constructor
FN:91,doQueryBatch
FN:99,doQuery
FN:139,populateResponseMarket
FN:181,computeAPYs
FN:210,doQueryIRM
FN:240,doQueryAccountLiquidity
FN:255,getStringOrBytes32
FNF:8
FNH:8
FNDA:129,constructor
FNDA:1,doQueryBatch
FNDA:15,doQuery
FNDA:26,populateResponseMarket
FNDA:28,computeAPYs
FNDA:1,doQueryIRM
FNDA:1,doQueryAccountLiquidity
FNDA:52,getStringOrBytes32
DA:23,129
DA:92,1
DA:94,1
DA:95,2
DA:100,15
DA:101,15
DA:103,15
DA:105,15
DA:106,15
DA:108,15
DA:110,15
DA:111,8
DA:114,15
DA:116,15
DA:117,16
DA:119,16
DA:120,16
DA:122,16
DA:125,15
DA:126,10
DA:127,10
DA:129,10
DA:131,10
DA:134,15
DA:135,8
DA:140,26
DA:141,26
DA:143,26
DA:145,26
DA:146,26
DA:148,25
DA:149,25
DA:151,25
DA:152,25
DA:153,25
DA:156,25
DA:157,25
DA:158,25
DA:159,25
DA:161,25
DA:163,25
DA:164,25
DA:165,25
DA:168,25
DA:169,25
DA:171,25
DA:173,18
DA:174,18
DA:175,18
DA:176,18
DA:177,18
DA:182,28
DA:184,28
DA:185,28
DA:186,28
DA:211,1
DA:212,1
DA:214,1
DA:215,1
DA:217,1
DA:219,1
DA:220,1
DA:222,1
DA:223,1
DA:224,1
DA:226,1
DA:227,1
DA:228,1
DA:241,1
DA:242,1
DA:244,1
DA:246,1
DA:247,2
DA:256,52
DA:257,52
DA:259,52
LF:76
LH:76
BRDA:110,1,0,8
BRDA:110,1,1,7
BRDA:134,2,0,8
BRDA:134,2,1,7
BRDA:146,3,0,1
BRDA:146,3,1,25
BRDA:171,4,0,7
BRDA:171,4,1,18
BRDA:257,5,0,0
BRDA:257,5,1,52
BRF:10
BRH:9
end_of_record
