{
"contracts/adaptors/FlashLoan.sol":{"l":{"20":129,"21":129,"22":129,"26":2,"28":2,"32":2,"34":1,"38":18,"40":17,"41":10,"42":7,"44":7,"47":12,"51":11,"52":10,"55":10,"56":10,"58":7,"62":17,"64":17,"65":15,"67":15,"72":13,"73":13,"75":13,"76":13,"77":10,"78":10,"81":12,"85":7,"87":7,"88":9},"path":"/Users/nemitariajienka/Desktop/projects/euler-contracts/contracts/adaptors/FlashLoan.sol","s":{"1":129,"2":129,"3":129,"4":2,"5":2,"6":2,"7":1,"8":18,"9":17,"10":10,"11":7,"12":7,"13":12,"14":11,"15":10,"16":10,"17":10,"18":7,"19":17,"20":17,"21":15,"22":15,"23":13,"24":13,"25":13,"26":13,"27":10,"28":10,"29":12,"30":7,"31":7,"32":9},"b":{"1":[1,1],"2":[17,1],"3":[10,7],"4":[10,1],"5":[13,2],"6":[13,0],"7":[10,3],"8":[9,1]},"f":{"1":129,"2":2,"3":2,"4":18,"5":11,"6":17,"7":7},"fnMap":{"1":{"name":"constructor","line":19,"loc":{"start":{"line":19,"column":4},"end":{"line":23,"column":4}}},"2":{"name":"maxFlashLoan","line":25,"loc":{"start":{"line":25,"column":4},"end":{"line":29,"column":4}}},"3":{"name":"flashFee","line":31,"loc":{"start":{"line":31,"column":4},"end":{"line":35,"column":4}}},"4":{"name":"flashLoan","line":37,"loc":{"start":{"line":37,"column":4},"end":{"line":48,"column":4}}},"5":{"name":"onDeferredLiquidityCheck","line":50,"loc":{"start":{"line":50,"column":4},"end":{"line":59,"column":4}}},"6":{"name":"_loan","line":61,"loc":{"start":{"line":61,"column":4},"end":{"line":82,"column":4}}},"7":{"name":"_exitAllMarkets","line":84,"loc":{"start":{"line":84,"column":4},"end":{"line":90,"column":4}}}},"statementMap":{"1":{"start":{"line":20,"column":8},"end":{"line":20,"column":28}},"2":{"start":{"line":21,"column":8},"end":{"line":21,"column":25}},"3":{"start":{"line":22,"column":8},"end":{"line":22,"column":34}},"4":{"start":{"line":26,"column":8},"end":{"line":26,"column":65}},"5":{"start":{"line":28,"column":8},"end":{"line":28,"column":86}},"6":{"start":{"line":32,"column":8},"end":{"line":32,"column":97}},"7":{"start":{"line":34,"column":8},"end":{"line":34,"column":16}},"8":{"start":{"line":38,"column":8},"end":{"line":38,"column":97}},"9":{"start":{"line":40,"column":8},"end":{"line":40,"column":1411}},"10":{"start":{"line":41,"column":12},"end":{"line":41,"column":105}},"11":{"start":{"line":42,"column":12},"end":{"line":42,"column":44}},"12":{"start":{"line":44,"column":12},"end":{"line":44,"column":59}},"13":{"start":{"line":47,"column":8},"end":{"line":47,"column":19}},"14":{"start":{"line":51,"column":8},"end":{"line":51,"column":77}},"15":{"start":{"line":52,"column":8},"end":{"line":52,"column":1980}},"16":{"start":{"line":55,"column":8},"end":{"line":55,"column":39}},"17":{"start":{"line":56,"column":8},"end":{"line":56,"column":54}},"18":{"start":{"line":58,"column":8},"end":{"line":58,"column":24}},"19":{"start":{"line":62,"column":8},"end":{"line":62,"column":65}},"20":{"start":{"line":64,"column":8},"end":{"line":64,"column":31}},"21":{"start":{"line":65,"column":8},"end":{"line":65,"column":59}},"22":{"start":{"line":67,"column":8},"end":{"line":67,"column":2530}},"23":{"start":{"line":72,"column":8},"end":{"line":72,"column":78}},"24":{"start":{"line":73,"column":8},"end":{"line":73,"column":92}},"25":{"start":{"line":75,"column":8},"end":{"line":75,"column":77}},"26":{"start":{"line":76,"column":8},"end":{"line":76,"column":2940}},"27":{"start":{"line":77,"column":12},"end":{"line":77,"column":126}},"28":{"start":{"line":78,"column":12},"end":{"line":78,"column":51}},"29":{"start":{"line":81,"column":8},"end":{"line":81,"column":30}},"30":{"start":{"line":85,"column":8},"end":{"line":85,"column":82}},"31":{"start":{"line":87,"column":8},"end":{"line":87,"column":3333}},"32":{"start":{"line":88,"column":12},"end":{"line":88,"column":51}}},"branchMap":{"1":{"line":32,"type":"if","locations":[{"start":{"line":32,"column":8},"end":{"line":32,"column":8}},{"start":{"line":32,"column":8},"end":{"line":32,"column":8}}]},"2":{"line":38,"type":"if","locations":[{"start":{"line":38,"column":8},"end":{"line":38,"column":8}},{"start":{"line":38,"column":8},"end":{"line":38,"column":8}}]},"3":{"line":40,"type":"if","locations":[{"start":{"line":40,"column":8},"end":{"line":40,"column":8}},{"start":{"line":40,"column":8},"end":{"line":40,"column":8}}]},"4":{"line":51,"type":"if","locations":[{"start":{"line":51,"column":8},"end":{"line":51,"column":8}},{"start":{"line":51,"column":8},"end":{"line":51,"column":8}}]},"5":{"line":67,"type":"if","locations":[{"start":{"line":67,"column":8},"end":{"line":67,"column":8}},{"start":{"line":67,"column":8},"end":{"line":67,"column":8}}]},"6":{"line":73,"type":"if","locations":[{"start":{"line":73,"column":8},"end":{"line":73,"column":8}},{"start":{"line":73,"column":8},"end":{"line":73,"column":8}}]},"7":{"line":76,"type":"if","locations":[{"start":{"line":76,"column":8},"end":{"line":76,"column":8}},{"start":{"line":76,"column":8},"end":{"line":76,"column":8}}]},"8":{"line":78,"type":"if","locations":[{"start":{"line":78,"column":12},"end":{"line":78,"column":12}},{"start":{"line":78,"column":12},"end":{"line":78,"column":12}}]}}},
"contracts/Base.sol":{"l":{"14":1378,"15":1377,"19":1376,"23":1374,"25":1374,"27":1374,"29":1374,"31":1374,"35":3054,"36":3054,"37":2998,"45":3457,"47":3456,"48":3456,"49":3264,"53":7616,"60":139,"70":6668,"72":6668,"76":6668,"85":6662,"95":69,"96":68,"101":1},"path":"/Users/nemitariajienka/Desktop/projects/euler-contracts/contracts/Base.sol","s":{"1":1378,"2":1377,"3":1376,"4":2,"5":1374,"6":1374,"7":360,"8":1374,"9":1374,"10":1374,"11":3054,"12":3054,"13":56,"14":2998,"15":3457,"16":3456,"17":3264,"18":6668,"19":69,"20":1},"b":{"1":[1377,1],"2":[1376,1],"3":[2,1374],"4":[360,1014],"5":[56,2998],"6":[3456,1],"7":[68,1]},"f":{"1":1378,"2":3054,"3":3457,"4":7616,"5":139,"6":6668,"7":69},"fnMap":{"1":{"name":"_createProxy","line":13,"loc":{"start":{"line":13,"column":4},"end":{"line":32,"column":4}}},"2":{"name":"callInternalModule","line":34,"loc":{"start":{"line":34,"column":4},"end":{"line":38,"column":4}}},"3":{"name":"nonReentrant","line":44,"loc":{"start":{"line":44,"column":4},"end":{"line":50,"column":4}}},"4":{"name":"reentrantOK","line":52,"loc":{"start":{"line":52,"column":4},"end":{"line":54,"column":4}}},"5":{"name":"staticDelegate","line":59,"loc":{"start":{"line":59,"column":4},"end":{"line":61,"column":4}}},"6":{"name":"FREEMEM","line":69,"loc":{"start":{"line":69,"column":4},"end":{"line":88,"column":4}}},"7":{"name":"revertBytes","line":94,"loc":{"start":{"line":94,"column":4},"end":{"line":102,"column":4}}}},"statementMap":{"1":{"start":{"line":14,"column":8},"end":{"line":14,"column":67}},"2":{"start":{"line":15,"column":8},"end":{"line":15,"column":88}},"3":{"start":{"line":19,"column":8},"end":{"line":19,"column":87}},"4":{"start":{"line":19,"column":54},"end":{"line":19,"column":87}},"5":{"start":{"line":23,"column":8},"end":{"line":23,"column":48}},"6":{"start":{"line":25,"column":8},"end":{"line":25,"column":103}},"7":{"start":{"line":25,"column":65},"end":{"line":25,"column":102}},"8":{"start":{"line":27,"column":8},"end":{"line":27,"column":113}},"9":{"start":{"line":29,"column":8},"end":{"line":29,"column":51}},"10":{"start":{"line":31,"column":8},"end":{"line":31,"column":24}},"11":{"start":{"line":35,"column":8},"end":{"line":35,"column":88}},"12":{"start":{"line":36,"column":8},"end":{"line":36,"column":41}},"13":{"start":{"line":36,"column":22},"end":{"line":36,"column":40}},"14":{"start":{"line":37,"column":8},"end":{"line":37,"column":21}},"15":{"start":{"line":45,"column":8},"end":{"line":45,"column":74}},"16":{"start":{"line":47,"column":8},"end":{"line":47,"column":46}},"17":{"start":{"line":49,"column":8},"end":{"line":49,"column":48}},"18":{"start":{"line":70,"column":8},"end":{"line":70,"column":27}},"19":{"start":{"line":95,"column":8},"end":{"line":95,"column":2947}},"20":{"start":{"line":101,"column":8},"end":{"line":101,"column":30}}},"branchMap":{"1":{"line":14,"type":"if","locations":[{"start":{"line":14,"column":8},"end":{"line":14,"column":8}},{"start":{"line":14,"column":8},"end":{"line":14,"column":8}}]},"2":{"line":15,"type":"if","locations":[{"start":{"line":15,"column":8},"end":{"line":15,"column":8}},{"start":{"line":15,"column":8},"end":{"line":15,"column":8}}]},"3":{"line":19,"type":"if","locations":[{"start":{"line":19,"column":8},"end":{"line":19,"column":8}},{"start":{"line":19,"column":8},"end":{"line":19,"column":8}}]},"4":{"line":25,"type":"if","locations":[{"start":{"line":25,"column":8},"end":{"line":25,"column":8}},{"start":{"line":25,"column":8},"end":{"line":25,"column":8}}]},"5":{"line":36,"type":"if","locations":[{"start":{"line":36,"column":8},"end":{"line":36,"column":8}},{"start":{"line":36,"column":8},"end":{"line":36,"column":8}}]},"6":{"line":45,"type":"if","locations":[{"start":{"line":45,"column":8},"end":{"line":45,"column":8}},{"start":{"line":45,"column":8},"end":{"line":45,"column":8}}]},"7":{"line":95,"type":"if","locations":[{"start":{"line":95,"column":8},"end":{"line":95,"column":8}},{"start":{"line":95,"column":8},"end":{"line":95,"column":8}}]}}},
"contracts/BaseIRM.sol":{"l":{"16":1355,"18":1355,"21":1355},"path":"/Users/nemitariajienka/Desktop/projects/euler-contracts/contracts/BaseIRM.sol","s":{"1":1355,"2":1355,"3":0,"4":1355,"5":0,"6":1355},"b":{"1":[0,1355],"2":[0,1355]},"f":{"1":516,"2":1355,"3":393},"fnMap":{"1":{"name":"constructor","line":8,"loc":{"start":{"line":8,"column":4},"end":{"line":8,"column":99}}},"2":{"name":"computeInterestRate","line":15,"loc":{"start":{"line":15,"column":4},"end":{"line":22,"column":4}}},"3":{"name":"reset","line":24,"loc":{"start":{"line":24,"column":4},"end":{"line":24,"column":85}}}},"statementMap":{"1":{"start":{"line":16,"column":8},"end":{"line":16,"column":69}},"2":{"start":{"line":18,"column":8},"end":{"line":18,"column":771}},"3":{"start":{"line":18,"column":46},"end":{"line":18,"column":77}},"4":{"start":{"line":19,"column":13},"end":{"line":19,"column":83}},"5":{"start":{"line":19,"column":51},"end":{"line":19,"column":82}},"6":{"start":{"line":21,"column":8},"end":{"line":21,"column":19}}},"branchMap":{"1":{"line":18,"type":"if","locations":[{"start":{"line":18,"column":8},"end":{"line":18,"column":8}},{"start":{"line":18,"column":8},"end":{"line":18,"column":8}}]},"2":{"line":19,"type":"if","locations":[{"start":{"line":19,"column":13},"end":{"line":19,"column":13}},{"start":{"line":19,"column":13},"end":{"line":19,"column":13}}]}}},
"contracts/BaseIRMLinearKink.sol":{"l":{"15":129,"16":129,"17":129,"18":129,"22":367,"24":367,"25":358,"27":9,"28":9,"31":367},"path":"/Users/nemitariajienka/Desktop/projects/euler-contracts/contracts/BaseIRMLinearKink.sol","s":{"1":129,"2":129,"3":129,"4":129,"5":367,"6":367,"7":358,"8":9,"9":9,"10":367},"b":{"1":[358,9]},"f":{"1":129,"2":367},"fnMap":{"1":{"name":"constructor","line":14,"loc":{"start":{"line":14,"column":4},"end":{"line":19,"column":4}}},"2":{"name":"computeInterestRateImpl","line":21,"loc":{"start":{"line":21,"column":4},"end":{"line":32,"column":4}}}},"statementMap":{"1":{"start":{"line":15,"column":8},"end":{"line":15,"column":27}},"2":{"start":{"line":16,"column":8},"end":{"line":16,"column":23}},"3":{"start":{"line":17,"column":8},"end":{"line":17,"column":23}},"4":{"start":{"line":18,"column":8},"end":{"line":18,"column":19}},"5":{"start":{"line":22,"column":8},"end":{"line":22,"column":26}},"6":{"start":{"line":24,"column":8},"end":{"line":24,"column":691}},"7":{"start":{"line":25,"column":12},"end":{"line":25,"column":37}},"8":{"start":{"line":27,"column":12},"end":{"line":27,"column":30}},"9":{"start":{"line":28,"column":12},"end":{"line":28,"column":46}},"10":{"start":{"line":31,"column":8},"end":{"line":31,"column":29}}},"branchMap":{"1":{"line":24,"type":"if","locations":[{"start":{"line":24,"column":8},"end":{"line":24,"column":8}},{"start":{"line":24,"column":8},"end":{"line":24,"column":8}}]}}},
"contracts/BaseLogic.sol":{"l":{"20":1519,"21":1518,"25":172,"33":587,"34":587,"36":587,"37":587,"39":515,"41":515,"43":515,"44":577,"47":515,"51":187,"52":187,"54":187,"55":187,"57":104,"59":104,"60":118,"63":5,"67":692,"69":692,"70":692,"72":692,"73":369,"74":339,"75":140,"79":634,"81":633,"84":633,"86":633,"92":25,"94":25,"95":25,"96":25,"98":25,"100":24,"101":17,"103":7,"104":6,"105":5,"106":5,"110":7,"113":22,"115":22,"116":9,"120":22,"122":22,"124":22,"132":1514,"133":1514,"135":1508,"136":1508,"138":1508,"169":3390,"171":3390,"175":3390,"176":3390,"177":3390,"178":3390,"179":3390,"180":3390,"181":3390,"183":3390,"185":3390,"186":3390,"188":3390,"192":3390,"197":3390,"198":3390,"199":3382,"201":8,"206":3390,"207":2283,"209":2283,"213":2283,"215":2283,"217":2283,"218":2283,"220":2283,"224":2283,"225":181,"226":181,"227":181,"232":2283,"233":2283,"234":2283,"235":2283,"237":2283,"238":180,"239":179,"246":1682,"247":1583,"249":1583,"250":1583,"252":1583,"253":1583,"255":1583,"260":841,"268":1814,"269":1801,"273":1668,"274":1667,"278":205,"279":204,"283":3280,"284":3280,"288":1517,"289":1042,"293":623,"294":623,"298":86,"299":86,"303":808,"304":808,"310":4449,"316":4449,"318":4412,"322":1355,"324":1355,"325":1355,"326":1355,"327":1355,"331":1355,"334":1355,"336":1355,"340":1352,"348":621,"350":621,"352":620,"354":620,"355":620,"359":66,"360":66,"361":59,"363":59,"365":59,"367":59,"368":59,"372":54,"373":54,"374":51,"375":51,"377":51,"378":51,"380":51,"381":51,"382":51,"386":80,"387":80,"388":13,"389":13,"391":67,"392":63,"395":76,"404":1173,"407":893,"415":1558,"417":1242,"426":796,"430":361,"432":361,"434":361,"435":361,"439":356,"440":356,"442":356,"443":265,"444":265,"445":265,"447":83,"448":83,"449":83,"454":233,"456":233,"458":231,"460":231,"462":231,"464":231,"465":231,"467":231,"469":231,"473":50,"475":50,"476":50,"478":50,"479":49,"480":49,"482":49,"484":49,"485":49,"487":49,"489":49,"493":40,"495":40,"496":40,"498":40,"501":40,"503":40,"504":38,"507":38,"508":8,"509":8,"512":38,"514":38,"515":38,"517":38,"518":38,"526":25,"527":25,"537":615,"539":615,"540":611,"542":608,"543":607,"547":216,"549":216,"550":214,"552":214,"553":213,"562":180,"563":180,"567":143,"568":143,"570":143,"571":143,"575":353,"577":353,"578":331,"580":14,"589":53,"590":53,"592":53,"594":53,"595":53,"596":53,"599":53,"604":118,"605":118,"607":43,"608":43,"610":39,"614":91,"616":91,"622":1124,"623":1124,"625":15,"626":15,"628":14,"629":14},"path":"/Users/nemitariajienka/Desktop/projects/euler-contracts/contracts/BaseLogic.sol","s":{"1":1519,"2":1518,"3":172,"4":587,"5":587,"6":587,"7":587,"8":72,"9":515,"10":515,"11":515,"12":577,"13":515,"14":187,"15":187,"16":187,"17":0,"18":187,"19":83,"20":104,"21":104,"22":118,"23":99,"24":5,"25":692,"26":692,"27":692,"28":692,"29":369,"30":30,"31":339,"32":140,"33":28,"34":634,"35":633,"36":323,"37":310,"38":633,"39":633,"40":25,"41":25,"42":25,"43":25,"44":25,"45":1,"46":24,"47":17,"48":7,"49":6,"50":5,"51":7,"52":2,"53":22,"54":22,"55":9,"56":7,"57":2,"58":22,"59":22,"60":12,"61":22,"62":1514,"63":1514,"64":1508,"65":220,"66":1508,"67":1507,"68":1508,"69":3390,"70":3390,"71":3390,"72":3390,"73":3390,"74":3390,"75":3390,"76":3390,"77":3390,"78":3390,"79":3390,"80":3390,"81":3390,"82":3390,"83":3390,"84":8,"85":3390,"86":2283,"87":2283,"88":2283,"89":2283,"90":2283,"91":2283,"92":2283,"93":2283,"94":181,"95":181,"96":181,"97":2283,"98":2283,"99":2283,"100":2283,"101":2283,"102":180,"103":179,"104":1682,"105":1583,"106":1583,"107":1583,"108":1583,"109":1583,"110":1583,"111":841,"112":1814,"113":1668,"114":1667,"115":205,"116":204,"117":3280,"118":3280,"119":1517,"120":475,"121":1042,"122":623,"123":623,"124":86,"125":86,"126":808,"127":808,"128":4449,"129":4449,"130":37,"131":4412,"132":1355,"133":1355,"134":1355,"135":1355,"136":338,"137":1017,"138":1355,"139":1355,"140":1355,"141":1352,"142":621,"143":621,"144":620,"145":620,"146":620,"147":66,"148":66,"149":59,"150":59,"151":59,"152":59,"153":59,"154":54,"155":54,"156":51,"157":51,"158":51,"159":51,"160":51,"161":51,"162":80,"163":80,"164":13,"165":13,"166":67,"167":63,"168":76,"169":1173,"170":280,"171":893,"172":1558,"173":316,"174":796,"175":361,"176":361,"177":361,"178":361,"179":356,"180":356,"181":356,"182":265,"183":265,"184":265,"185":91,"186":83,"187":83,"188":83,"189":233,"190":233,"191":231,"192":231,"193":162,"194":231,"195":231,"196":231,"197":231,"198":231,"199":50,"200":50,"201":50,"202":50,"203":49,"204":49,"205":0,"206":49,"207":49,"208":49,"209":49,"210":40,"211":40,"212":40,"213":40,"214":35,"215":40,"216":5,"217":40,"218":38,"219":8,"220":8,"221":38,"222":38,"223":38,"224":38,"225":38,"226":25,"227":25,"228":615,"229":615,"230":611,"231":608,"232":216,"233":216,"234":214,"235":214,"236":180,"237":180,"238":143,"239":143,"240":143,"241":143,"242":353,"243":353,"244":331,"245":22,"246":14,"247":53,"248":53,"249":53,"250":53,"251":53,"252":53,"253":118,"254":118,"255":75,"256":43,"257":43,"258":4,"259":39,"260":91,"261":91,"262":1124,"263":1124,"264":1109,"265":15,"266":15,"267":1,"268":14,"269":14},"b":{"1":[1518,1],"2":[72,515],"3":[0,187],"4":[83,104],"5":[99,19],"6":[369,323],"7":[30,339],"8":[28,112],"9":[633,1],"10":[323,310],"11":[1,24],"12":[17,7],"13":[5,1],"14":[2,5],"15":[9,13],"16":[7,2],"17":[12,10],"18":[1508,6],"19":[220,1288],"20":[1507,1],"21":[3382,8],"22":[2283,1107],"23":[181,2102],"24":[2283,0],"25":[180,2103],"26":[1583,99],"27":[1801,13],"28":[1667,1],"29":[204,1],"30":[3280,0],"31":[475,1042],"32":[37,4412],"33":[338,1017],"34":[59,7],"35":[51,3],"36":[13,67],"37":[280,893],"38":[316,1242],"39":[265,91],"40":[83,8],"41":[231,2],"42":[162,69],"43":[49,1],"44":[0,49],"45":[35,5],"46":[5,35],"47":[38,2],"48":[8,30],"49":[607,1],"50":[213,1],"51":[331,22],"52":[14,8],"53":[75,43],"54":[4,39],"55":[1109,15],"56":[1,14]},"f":{"1":1092,"2":1519,"3":172,"4":587,"5":187,"6":692,"7":25,"8":1514,"9":3390,"10":1682,"11":841,"12":1814,"13":1668,"14":205,"15":3280,"16":1517,"17":623,"18":86,"19":808,"20":4449,"21":1355,"22":1352,"23":621,"24":66,"25":54,"26":80,"27":1173,"28":1558,"29":796,"30":361,"31":356,"32":233,"33":50,"34":40,"35":25,"36":615,"37":216,"38":180,"39":143,"40":353,"41":53,"42":118,"43":91,"44":1124},"fnMap":{"1":{"name":"constructor","line":14,"loc":{"start":{"line":14,"column":4},"end":{"line":14,"column":99}}},"2":{"name":"getSubAccount","line":19,"loc":{"start":{"line":19,"column":4},"end":{"line":22,"column":4}}},"3":{"name":"isSubAccountOf","line":24,"loc":{"start":{"line":24,"column":4},"end":{"line":26,"column":4}}},"4":{"name":"getEnteredMarketsArray","line":32,"loc":{"start":{"line":32,"column":4},"end":{"line":48,"column":4}}},"5":{"name":"isEnteredInMarket","line":50,"loc":{"start":{"line":50,"column":4},"end":{"line":64,"column":4}}},"6":{"name":"doEnterMarket","line":66,"loc":{"start":{"line":66,"column":4},"end":{"line":87,"column":4}}},"7":{"name":"doExitMarket","line":91,"loc":{"start":{"line":91,"column":4},"end":{"line":125,"column":4}}},"8":{"name":"resolveAssetConfig","line":131,"loc":{"start":{"line":131,"column":4},"end":{"line":139,"column":4}}},"9":{"name":"initAssetCache","line":168,"loc":{"start":{"line":168,"column":4},"end":{"line":243,"column":4}}},"10":{"name":"loadAssetCache","line":245,"loc":{"start":{"line":245,"column":4},"end":{"line":257,"column":4}}},"11":{"name":"loadAssetCacheRO","line":259,"loc":{"start":{"line":259,"column":4},"end":{"line":261,"column":4}}},"12":{"name":"decodeExternalAmount","line":267,"loc":{"start":{"line":267,"column":4},"end":{"line":270,"column":4}}},"13":{"name":"encodeAmount","line":272,"loc":{"start":{"line":272,"column":4},"end":{"line":275,"column":4}}},"14":{"name":"encodeSmallAmount","line":277,"loc":{"start":{"line":277,"column":4},"end":{"line":280,"column":4}}},"15":{"name":"encodeDebtAmount","line":282,"loc":{"start":{"line":282,"column":4},"end":{"line":285,"column":4}}},"16":{"name":"computeExchangeRate","line":287,"loc":{"start":{"line":287,"column":4},"end":{"line":290,"column":4}}},"17":{"name":"underlyingAmountToBalance","line":292,"loc":{"start":{"line":292,"column":4},"end":{"line":295,"column":4}}},"18":{"name":"underlyingAmountToBalanceRoundUp","line":297,"loc":{"start":{"line":297,"column":4},"end":{"line":300,"column":4}}},"19":{"name":"balanceToUnderlyingAmount","line":302,"loc":{"start":{"line":302,"column":4},"end":{"line":305,"column":4}}},"20":{"name":"callBalanceOf","line":307,"loc":{"start":{"line":307,"column":4},"end":{"line":319,"column":4}}},"21":{"name":"updateInterestRate","line":321,"loc":{"start":{"line":321,"column":4},"end":{"line":337,"column":4}}},"22":{"name":"logAssetStatus","line":339,"loc":{"start":{"line":339,"column":4},"end":{"line":341,"column":4}}},"23":{"name":"increaseBalance","line":347,"loc":{"start":{"line":347,"column":4},"end":{"line":356,"column":4}}},"24":{"name":"decreaseBalance","line":358,"loc":{"start":{"line":358,"column":4},"end":{"line":369,"column":4}}},"25":{"name":"transferBalance","line":371,"loc":{"start":{"line":371,"column":4},"end":{"line":383,"column":4}}},"26":{"name":"withdrawAmounts","line":385,"loc":{"start":{"line":385,"column":4},"end":{"line":396,"column":4}}},"27":{"name":"getCurrentOwedExact","line":402,"loc":{"start":{"line":402,"column":4},"end":{"line":408,"column":4}}},"28":{"name":"roundUpOwed","line":414,"loc":{"start":{"line":414,"column":4},"end":{"line":421,"column":4}}},"29":{"name":"getCurrentOwed","line":425,"loc":{"start":{"line":425,"column":4},"end":{"line":427,"column":4}}},"30":{"name":"updateUserBorrow","line":429,"loc":{"start":{"line":429,"column":4},"end":{"line":436,"column":4}}},"31":{"name":"logBorrowChange","line":438,"loc":{"start":{"line":438,"column":4},"end":{"line":451,"column":4}}},"32":{"name":"increaseBorrow","line":453,"loc":{"start":{"line":453,"column":4},"end":{"line":470,"column":4}}},"33":{"name":"decreaseBorrow","line":472,"loc":{"start":{"line":472,"column":4},"end":{"line":490,"column":4}}},"34":{"name":"transferBorrow","line":492,"loc":{"start":{"line":492,"column":4},"end":{"line":519,"column":4}}},"35":{"name":"increaseReserves","line":525,"loc":{"start":{"line":525,"column":4},"end":{"line":528,"column":4}}},"36":{"name":"pullTokens","line":536,"loc":{"start":{"line":536,"column":4},"end":{"line":544,"column":4}}},"37":{"name":"pushTokens","line":546,"loc":{"start":{"line":546,"column":4},"end":{"line":554,"column":4}}},"38":{"name":"getAssetPrice","line":561,"loc":{"start":{"line":561,"column":4},"end":{"line":564,"column":4}}},"39":{"name":"getAccountLiquidity","line":566,"loc":{"start":{"line":566,"column":4},"end":{"line":572,"column":4}}},"40":{"name":"checkLiquidity","line":574,"loc":{"start":{"line":574,"column":4},"end":{"line":582,"column":4}}},"41":{"name":"computeNewAverageLiquidity","line":588,"loc":{"start":{"line":588,"column":4},"end":{"line":601,"column":4}}},"42":{"name":"getUpdatedAverageLiquidity","line":603,"loc":{"start":{"line":603,"column":4},"end":{"line":611,"column":4}}},"43":{"name":"getUpdatedAverageLiquidityWithDelegate","line":613,"loc":{"start":{"line":613,"column":4},"end":{"line":619,"column":4}}},"44":{"name":"updateAverageLiquidity","line":621,"loc":{"start":{"line":621,"column":4},"end":{"line":630,"column":4}}}},"statementMap":{"1":{"start":{"line":20,"column":8},"end":{"line":20,"column":62}},"2":{"start":{"line":21,"column":8},"end":{"line":21,"column":64}},"3":{"start":{"line":25,"column":8},"end":{"line":25,"column":72}},"4":{"start":{"line":33,"column":8},"end":{"line":33,"column":75}},"5":{"start":{"line":34,"column":8},"end":{"line":34,"column":78}},"6":{"start":{"line":36,"column":8},"end":{"line":36,"column":66}},"7":{"start":{"line":37,"column":8},"end":{"line":37,"column":49}},"8":{"start":{"line":37,"column":36},"end":{"line":37,"column":49}},"9":{"start":{"line":39,"column":8},"end":{"line":39,"column":87}},"10":{"start":{"line":41,"column":8},"end":{"line":41,"column":37}},"11":{"start":{"line":43,"column":8},"end":{"line":43,"column":1364}},"12":{"start":{"line":44,"column":12},"end":{"line":44,"column":33}},"13":{"start":{"line":47,"column":8},"end":{"line":47,"column":21}},"14":{"start":{"line":51,"column":8},"end":{"line":51,"column":75}},"15":{"start":{"line":52,"column":8},"end":{"line":52,"column":78}},"16":{"start":{"line":54,"column":8},"end":{"line":54,"column":48}},"17":{"start":{"line":54,"column":36},"end":{"line":54,"column":48}},"18":{"start":{"line":55,"column":8},"end":{"line":55,"column":57}},"19":{"start":{"line":55,"column":46},"end":{"line":55,"column":57}},"20":{"start":{"line":57,"column":8},"end":{"line":57,"column":87}},"21":{"start":{"line":59,"column":8},"end":{"line":59,"column":1953}},"22":{"start":{"line":60,"column":12},"end":{"line":60,"column":53}},"23":{"start":{"line":60,"column":42},"end":{"line":60,"column":53}},"24":{"start":{"line":63,"column":8},"end":{"line":63,"column":20}},"25":{"start":{"line":67,"column":8},"end":{"line":67,"column":70}},"26":{"start":{"line":69,"column":8},"end":{"line":69,"column":67}},"27":{"start":{"line":70,"column":8},"end":{"line":70,"column":87}},"28":{"start":{"line":72,"column":8},"end":{"line":72,"column":2410}},"29":{"start":{"line":73,"column":12},"end":{"line":73,"column":71}},"30":{"start":{"line":73,"column":65},"end":{"line":73,"column":71}},"31":{"start":{"line":74,"column":12},"end":{"line":74,"column":2548}},"32":{"start":{"line":75,"column":16},"end":{"line":75,"column":52}},"33":{"start":{"line":75,"column":46},"end":{"line":75,"column":52}},"34":{"start":{"line":79,"column":8},"end":{"line":79,"column":85}},"35":{"start":{"line":81,"column":8},"end":{"line":81,"column":2830}},"36":{"start":{"line":81,"column":36},"end":{"line":81,"column":81}},"37":{"start":{"line":82,"column":13},"end":{"line":82,"column":51}},"38":{"start":{"line":84,"column":8},"end":{"line":84,"column":63}},"39":{"start":{"line":86,"column":8},"end":{"line":86,"column":45}},"40":{"start":{"line":92,"column":8},"end":{"line":92,"column":70}},"41":{"start":{"line":94,"column":8},"end":{"line":94,"column":67}},"42":{"start":{"line":95,"column":8},"end":{"line":95,"column":87}},"43":{"start":{"line":96,"column":8},"end":{"line":96,"column":41}},"44":{"start":{"line":98,"column":8},"end":{"line":98,"column":42}},"45":{"start":{"line":98,"column":36},"end":{"line":98,"column":42}},"46":{"start":{"line":100,"column":8},"end":{"line":100,"column":3524}},"47":{"start":{"line":101,"column":12},"end":{"line":101,"column":26}},"48":{"start":{"line":103,"column":12},"end":{"line":103,"column":3641}},"49":{"start":{"line":104,"column":16},"end":{"line":104,"column":3708}},"50":{"start":{"line":105,"column":20},"end":{"line":105,"column":34}},"51":{"start":{"line":110,"column":12},"end":{"line":110,"column":53}},"52":{"start":{"line":110,"column":47},"end":{"line":110,"column":53}},"53":{"start":{"line":113,"column":8},"end":{"line":113,"column":52}},"54":{"start":{"line":115,"column":8},"end":{"line":115,"column":3976}},"55":{"start":{"line":116,"column":12},"end":{"line":116,"column":4082}},"56":{"start":{"line":116,"column":34},"end":{"line":116,"column":93}},"57":{"start":{"line":117,"column":17},"end":{"line":117,"column":63}},"58":{"start":{"line":120,"column":8},"end":{"line":120,"column":65}},"59":{"start":{"line":122,"column":8},"end":{"line":122,"column":71}},"60":{"start":{"line":122,"column":34},"end":{"line":122,"column":70}},"61":{"start":{"line":124,"column":8},"end":{"line":124,"column":44}},"62":{"start":{"line":132,"column":8},"end":{"line":132,"column":64}},"63":{"start":{"line":133,"column":8},"end":{"line":133,"column":76}},"64":{"start":{"line":135,"column":8},"end":{"line":135,"column":96}},"65":{"start":{"line":135,"column":53},"end":{"line":135,"column":95}},"66":{"start":{"line":136,"column":8},"end":{"line":136,"column":98}},"67":{"start":{"line":136,"column":51},"end":{"line":136,"column":97}},"68":{"start":{"line":138,"column":8},"end":{"line":138,"column":21}},"69":{"start":{"line":169,"column":8},"end":{"line":169,"column":20}},"70":{"start":{"line":171,"column":8},"end":{"line":171,"column":41}},"71":{"start":{"line":175,"column":8},"end":{"line":175,"column":92}},"72":{"start":{"line":176,"column":8},"end":{"line":176,"column":98}},"73":{"start":{"line":177,"column":8},"end":{"line":177,"column":68}},"74":{"start":{"line":178,"column":8},"end":{"line":178,"column":58}},"75":{"start":{"line":179,"column":8},"end":{"line":179,"column":54}},"76":{"start":{"line":180,"column":8},"end":{"line":180,"column":56}},"77":{"start":{"line":181,"column":8},"end":{"line":181,"column":68}},"78":{"start":{"line":183,"column":8},"end":{"line":183,"column":62}},"79":{"start":{"line":185,"column":8},"end":{"line":185,"column":60}},"80":{"start":{"line":186,"column":8},"end":{"line":186,"column":58}},"81":{"start":{"line":188,"column":8},"end":{"line":188,"column":72}},"82":{"start":{"line":197,"column":8},"end":{"line":197,"column":64}},"83":{"start":{"line":198,"column":8},"end":{"line":198,"column":6846}},"84":{"start":{"line":201,"column":12},"end":{"line":201,"column":34}},"85":{"start":{"line":206,"column":8},"end":{"line":206,"column":7116}},"86":{"start":{"line":207,"column":12},"end":{"line":207,"column":23}},"87":{"start":{"line":209,"column":12},"end":{"line":209,"column":84}},"88":{"start":{"line":213,"column":12},"end":{"line":213,"column":150}},"89":{"start":{"line":215,"column":12},"end":{"line":215,"column":116}},"90":{"start":{"line":217,"column":12},"end":{"line":217,"column":62}},"91":{"start":{"line":218,"column":12},"end":{"line":218,"column":60}},"92":{"start":{"line":220,"column":12},"end":{"line":220,"column":7813}},"93":{"start":{"line":224,"column":12},"end":{"line":224,"column":8024}},"94":{"start":{"line":225,"column":16},"end":{"line":225,"column":99}},"95":{"start":{"line":226,"column":16},"end":{"line":226,"column":90}},"96":{"start":{"line":227,"column":16},"end":{"line":227,"column":79}},"97":{"start":{"line":232,"column":12},"end":{"line":232,"column":8429}},"98":{"start":{"line":233,"column":16},"end":{"line":233,"column":74}},"99":{"start":{"line":234,"column":16},"end":{"line":234,"column":70}},"100":{"start":{"line":235,"column":16},"end":{"line":235,"column":81}},"101":{"start":{"line":237,"column":16},"end":{"line":237,"column":8770}},"102":{"start":{"line":238,"column":20},"end":{"line":238,"column":83}},"103":{"start":{"line":239,"column":20},"end":{"line":239,"column":76}},"104":{"start":{"line":246,"column":8},"end":{"line":246,"column":9169}},"105":{"start":{"line":247,"column":12},"end":{"line":247,"column":96}},"106":{"start":{"line":249,"column":12},"end":{"line":249,"column":58}},"107":{"start":{"line":250,"column":12},"end":{"line":250,"column":66}},"108":{"start":{"line":252,"column":12},"end":{"line":252,"column":64}},"109":{"start":{"line":253,"column":12},"end":{"line":253,"column":62}},"110":{"start":{"line":255,"column":12},"end":{"line":255,"column":76}},"111":{"start":{"line":260,"column":8},"end":{"line":260,"column":59}},"112":{"start":{"line":268,"column":8},"end":{"line":268,"column":84}},"113":{"start":{"line":273,"column":8},"end":{"line":273,"column":73}},"114":{"start":{"line":274,"column":8},"end":{"line":274,"column":30}},"115":{"start":{"line":278,"column":8},"end":{"line":278,"column":85}},"116":{"start":{"line":279,"column":8},"end":{"line":279,"column":29}},"117":{"start":{"line":283,"column":8},"end":{"line":283,"column":83}},"118":{"start":{"line":284,"column":8},"end":{"line":284,"column":30}},"119":{"start":{"line":288,"column":8},"end":{"line":288,"column":54}},"120":{"start":{"line":288,"column":43},"end":{"line":288,"column":54}},"121":{"start":{"line":289,"column":8},"end":{"line":289,"column":124}},"122":{"start":{"line":293,"column":8},"end":{"line":293,"column":59}},"123":{"start":{"line":294,"column":8},"end":{"line":294,"column":43}},"124":{"start":{"line":298,"column":8},"end":{"line":298,"column":59}},"125":{"start":{"line":299,"column":8},"end":{"line":299,"column":66}},"126":{"start":{"line":303,"column":8},"end":{"line":303,"column":59}},"127":{"start":{"line":304,"column":8},"end":{"line":304,"column":43}},"128":{"start":{"line":310,"column":8},"end":{"line":310,"column":148}},"129":{"start":{"line":316,"column":8},"end":{"line":316,"column":50}},"130":{"start":{"line":316,"column":42},"end":{"line":316,"column":50}},"131":{"start":{"line":318,"column":8},"end":{"line":318,"column":42}},"132":{"start":{"line":322,"column":8},"end":{"line":322,"column":26}},"133":{"start":{"line":325,"column":12},"end":{"line":325,"column":81}},"134":{"start":{"line":326,"column":12},"end":{"line":326,"column":64}},"135":{"start":{"line":327,"column":12},"end":{"line":327,"column":13110}},"136":{"start":{"line":327,"column":33},"end":{"line":327,"column":47}},"137":{"start":{"line":328,"column":17},"end":{"line":328,"column":104}},"138":{"start":{"line":331,"column":8},"end":{"line":331,"column":13364}},"139":{"start":{"line":334,"column":8},"end":{"line":334,"column":61}},"140":{"start":{"line":336,"column":8},"end":{"line":336,"column":76}},"141":{"start":{"line":340,"column":8},"end":{"line":340,"column":183}},"142":{"start":{"line":348,"column":8},"end":{"line":348,"column":103}},"143":{"start":{"line":350,"column":8},"end":{"line":350,"column":116}},"144":{"start":{"line":352,"column":8},"end":{"line":352,"column":51}},"145":{"start":{"line":354,"column":8},"end":{"line":354,"column":60}},"146":{"start":{"line":355,"column":8},"end":{"line":355,"column":72}},"147":{"start":{"line":359,"column":8},"end":{"line":359,"column":62}},"148":{"start":{"line":360,"column":8},"end":{"line":360,"column":63}},"149":{"start":{"line":361,"column":8},"end":{"line":361,"column":79}},"150":{"start":{"line":363,"column":8},"end":{"line":363,"column":110}},"151":{"start":{"line":365,"column":8},"end":{"line":365,"column":51}},"152":{"start":{"line":367,"column":8},"end":{"line":367,"column":61}},"153":{"start":{"line":368,"column":8},"end":{"line":368,"column":72}},"154":{"start":{"line":372,"column":8},"end":{"line":372,"column":63}},"155":{"start":{"line":373,"column":8},"end":{"line":373,"column":67}},"156":{"start":{"line":374,"column":8},"end":{"line":374,"column":27}},"157":{"start":{"line":377,"column":8},"end":{"line":377,"column":70}},"158":{"start":{"line":378,"column":8},"end":{"line":378,"column":93}},"159":{"start":{"line":380,"column":8},"end":{"line":380,"column":58}},"160":{"start":{"line":381,"column":8},"end":{"line":381,"column":55}},"161":{"start":{"line":382,"column":8},"end":{"line":382,"column":61}},"162":{"start":{"line":386,"column":8},"end":{"line":386,"column":27}},"163":{"start":{"line":387,"column":8},"end":{"line":387,"column":16089}},"164":{"start":{"line":388,"column":12},"end":{"line":388,"column":63}},"165":{"start":{"line":389,"column":12},"end":{"line":389,"column":73}},"166":{"start":{"line":391,"column":12},"end":{"line":391,"column":60}},"167":{"start":{"line":392,"column":12},"end":{"line":392,"column":80}},"168":{"start":{"line":395,"column":8},"end":{"line":395,"column":39}},"169":{"start":{"line":404,"column":8},"end":{"line":404,"column":31}},"170":{"start":{"line":404,"column":23},"end":{"line":404,"column":31}},"171":{"start":{"line":407,"column":8},"end":{"line":407,"column":102}},"172":{"start":{"line":415,"column":8},"end":{"line":415,"column":31}},"173":{"start":{"line":415,"column":23},"end":{"line":415,"column":31}},"174":{"start":{"line":426,"column":8},"end":{"line":426,"column":154}},"175":{"start":{"line":430,"column":8},"end":{"line":430,"column":55}},"176":{"start":{"line":432,"column":8},"end":{"line":432,"column":91}},"177":{"start":{"line":434,"column":8},"end":{"line":434,"column":72}},"178":{"start":{"line":435,"column":8},"end":{"line":435,"column":87}},"179":{"start":{"line":439,"column":8},"end":{"line":439,"column":77}},"180":{"start":{"line":440,"column":8},"end":{"line":440,"column":69}},"181":{"start":{"line":442,"column":8},"end":{"line":442,"column":18767}},"182":{"start":{"line":443,"column":12},"end":{"line":443,"column":41}},"183":{"start":{"line":444,"column":12},"end":{"line":444,"column":63}},"184":{"start":{"line":445,"column":12},"end":{"line":445,"column":114}},"185":{"start":{"line":446,"column":15},"end":{"line":446,"column":19030}},"186":{"start":{"line":447,"column":12},"end":{"line":447,"column":41}},"187":{"start":{"line":448,"column":12},"end":{"line":448,"column":62}},"188":{"start":{"line":449,"column":12},"end":{"line":449,"column":114}},"189":{"start":{"line":454,"column":8},"end":{"line":454,"column":40}},"190":{"start":{"line":456,"column":8},"end":{"line":456,"column":143}},"191":{"start":{"line":458,"column":8},"end":{"line":458,"column":88}},"192":{"start":{"line":460,"column":8},"end":{"line":460,"column":68}},"193":{"start":{"line":460,"column":23},"end":{"line":460,"column":67}},"194":{"start":{"line":462,"column":8},"end":{"line":462,"column":21}},"195":{"start":{"line":464,"column":8},"end":{"line":464,"column":64}},"196":{"start":{"line":465,"column":8},"end":{"line":465,"column":111}},"197":{"start":{"line":467,"column":8},"end":{"line":467,"column":51}},"198":{"start":{"line":469,"column":8},"end":{"line":469,"column":74}},"199":{"start":{"line":473,"column":8},"end":{"line":473,"column":58}},"200":{"start":{"line":475,"column":8},"end":{"line":475,"column":88}},"201":{"start":{"line":476,"column":8},"end":{"line":476,"column":58}},"202":{"start":{"line":478,"column":8},"end":{"line":478,"column":59}},"203":{"start":{"line":479,"column":8},"end":{"line":479,"column":26}},"204":{"start":{"line":482,"column":8},"end":{"line":482,"column":74}},"205":{"start":{"line":482,"column":44},"end":{"line":482,"column":73}},"206":{"start":{"line":484,"column":8},"end":{"line":484,"column":73}},"207":{"start":{"line":485,"column":8},"end":{"line":485,"column":125}},"208":{"start":{"line":487,"column":8},"end":{"line":487,"column":51}},"209":{"start":{"line":489,"column":8},"end":{"line":489,"column":83}},"210":{"start":{"line":493,"column":8},"end":{"line":493,"column":58}},"211":{"start":{"line":495,"column":8},"end":{"line":495,"column":93}},"212":{"start":{"line":496,"column":8},"end":{"line":496,"column":87}},"213":{"start":{"line":498,"column":8},"end":{"line":498,"column":65}},"214":{"start":{"line":498,"column":25},"end":{"line":498,"column":64}},"215":{"start":{"line":501,"column":8},"end":{"line":501,"column":133}},"216":{"start":{"line":501,"column":116},"end":{"line":501,"column":132}},"217":{"start":{"line":503,"column":8},"end":{"line":503,"column":60}},"218":{"start":{"line":507,"column":8},"end":{"line":507,"column":21942}},"219":{"start":{"line":508,"column":12},"end":{"line":508,"column":29}},"220":{"start":{"line":509,"column":12},"end":{"line":509,"column":23}},"221":{"start":{"line":512,"column":8},"end":{"line":512,"column":23}},"222":{"start":{"line":514,"column":8},"end":{"line":514,"column":65}},"223":{"start":{"line":515,"column":8},"end":{"line":515,"column":61}},"224":{"start":{"line":517,"column":8},"end":{"line":517,"column":79}},"225":{"start":{"line":518,"column":8},"end":{"line":518,"column":73}},"226":{"start":{"line":526,"column":8},"end":{"line":526,"column":118}},"227":{"start":{"line":527,"column":8},"end":{"line":527,"column":110}},"228":{"start":{"line":537,"column":8},"end":{"line":537,"column":49}},"229":{"start":{"line":539,"column":8},"end":{"line":539,"column":119}},"230":{"start":{"line":540,"column":8},"end":{"line":540,"column":125}},"231":{"start":{"line":542,"column":8},"end":{"line":542,"column":77}},"232":{"start":{"line":547,"column":8},"end":{"line":547,"column":49}},"233":{"start":{"line":549,"column":8},"end":{"line":549,"column":98}},"234":{"start":{"line":550,"column":8},"end":{"line":550,"column":125}},"235":{"start":{"line":552,"column":8},"end":{"line":552,"column":77}},"236":{"start":{"line":562,"column":8},"end":{"line":562,"column":135}},"237":{"start":{"line":563,"column":8},"end":{"line":563,"column":41}},"238":{"start":{"line":567,"column":8},"end":{"line":567,"column":145}},"239":{"start":{"line":568,"column":8},"end":{"line":568,"column":105}},"240":{"start":{"line":570,"column":8},"end":{"line":570,"column":47}},"241":{"start":{"line":571,"column":8},"end":{"line":571,"column":45}},"242":{"start":{"line":575,"column":8},"end":{"line":575,"column":66}},"243":{"start":{"line":577,"column":8},"end":{"line":577,"column":24864}},"244":{"start":{"line":578,"column":12},"end":{"line":578,"column":126}},"245":{"start":{"line":579,"column":15},"end":{"line":579,"column":25046}},"246":{"start":{"line":580,"column":12},"end":{"line":580,"column":78}},"247":{"start":{"line":589,"column":8},"end":{"line":589,"column":98}},"248":{"start":{"line":590,"column":8},"end":{"line":590,"column":67}},"249":{"start":{"line":592,"column":8},"end":{"line":592,"column":33}},"250":{"start":{"line":595,"column":12},"end":{"line":595,"column":86}},"251":{"start":{"line":596,"column":12},"end":{"line":596,"column":105}},"252":{"start":{"line":599,"column":8},"end":{"line":599,"column":25826}},"253":{"start":{"line":604,"column":8},"end":{"line":604,"column":91}},"254":{"start":{"line":605,"column":8},"end":{"line":605,"column":53}},"255":{"start":{"line":605,"column":45},"end":{"line":605,"column":53}},"256":{"start":{"line":607,"column":8},"end":{"line":607,"column":66}},"257":{"start":{"line":608,"column":8},"end":{"line":608,"column":71}},"258":{"start":{"line":608,"column":25},"end":{"line":608,"column":71}},"259":{"start":{"line":610,"column":8},"end":{"line":610,"column":58}},"260":{"start":{"line":614,"column":8},"end":{"line":614,"column":74}},"261":{"start":{"line":616,"column":8},"end":{"line":616,"column":26598}},"262":{"start":{"line":622,"column":8},"end":{"line":622,"column":91}},"263":{"start":{"line":623,"column":8},"end":{"line":623,"column":51}},"264":{"start":{"line":623,"column":45},"end":{"line":623,"column":51}},"265":{"start":{"line":625,"column":8},"end":{"line":625,"column":66}},"266":{"start":{"line":626,"column":8},"end":{"line":626,"column":31}},"267":{"start":{"line":626,"column":25},"end":{"line":626,"column":31}},"268":{"start":{"line":628,"column":8},"end":{"line":628,"column":82}},"269":{"start":{"line":629,"column":8},"end":{"line":629,"column":92}}},"branchMap":{"1":{"line":20,"type":"if","locations":[{"start":{"line":20,"column":8},"end":{"line":20,"column":8}},{"start":{"line":20,"column":8},"end":{"line":20,"column":8}}]},"2":{"line":37,"type":"if","locations":[{"start":{"line":37,"column":8},"end":{"line":37,"column":8}},{"start":{"line":37,"column":8},"end":{"line":37,"column":8}}]},"3":{"line":54,"type":"if","locations":[{"start":{"line":54,"column":8},"end":{"line":54,"column":8}},{"start":{"line":54,"column":8},"end":{"line":54,"column":8}}]},"4":{"line":55,"type":"if","locations":[{"start":{"line":55,"column":8},"end":{"line":55,"column":8}},{"start":{"line":55,"column":8},"end":{"line":55,"column":8}}]},"5":{"line":60,"type":"if","locations":[{"start":{"line":60,"column":12},"end":{"line":60,"column":12}},{"start":{"line":60,"column":12},"end":{"line":60,"column":12}}]},"6":{"line":72,"type":"if","locations":[{"start":{"line":72,"column":8},"end":{"line":72,"column":8}},{"start":{"line":72,"column":8},"end":{"line":72,"column":8}}]},"7":{"line":73,"type":"if","locations":[{"start":{"line":73,"column":12},"end":{"line":73,"column":12}},{"start":{"line":73,"column":12},"end":{"line":73,"column":12}}]},"8":{"line":75,"type":"if","locations":[{"start":{"line":75,"column":16},"end":{"line":75,"column":16}},{"start":{"line":75,"column":16},"end":{"line":75,"column":16}}]},"9":{"line":79,"type":"if","locations":[{"start":{"line":79,"column":8},"end":{"line":79,"column":8}},{"start":{"line":79,"column":8},"end":{"line":79,"column":8}}]},"10":{"line":81,"type":"if","locations":[{"start":{"line":81,"column":8},"end":{"line":81,"column":8}},{"start":{"line":81,"column":8},"end":{"line":81,"column":8}}]},"11":{"line":98,"type":"if","locations":[{"start":{"line":98,"column":8},"end":{"line":98,"column":8}},{"start":{"line":98,"column":8},"end":{"line":98,"column":8}}]},"12":{"line":100,"type":"if","locations":[{"start":{"line":100,"column":8},"end":{"line":100,"column":8}},{"start":{"line":100,"column":8},"end":{"line":100,"column":8}}]},"13":{"line":104,"type":"if","locations":[{"start":{"line":104,"column":16},"end":{"line":104,"column":16}},{"start":{"line":104,"column":16},"end":{"line":104,"column":16}}]},"14":{"line":110,"type":"if","locations":[{"start":{"line":110,"column":12},"end":{"line":110,"column":12}},{"start":{"line":110,"column":12},"end":{"line":110,"column":12}}]},"15":{"line":115,"type":"if","locations":[{"start":{"line":115,"column":8},"end":{"line":115,"column":8}},{"start":{"line":115,"column":8},"end":{"line":115,"column":8}}]},"16":{"line":116,"type":"if","locations":[{"start":{"line":116,"column":12},"end":{"line":116,"column":12}},{"start":{"line":116,"column":12},"end":{"line":116,"column":12}}]},"17":{"line":122,"type":"if","locations":[{"start":{"line":122,"column":8},"end":{"line":122,"column":8}},{"start":{"line":122,"column":8},"end":{"line":122,"column":8}}]},"18":{"line":133,"type":"if","locations":[{"start":{"line":133,"column":8},"end":{"line":133,"column":8}},{"start":{"line":133,"column":8},"end":{"line":133,"column":8}}]},"19":{"line":135,"type":"if","locations":[{"start":{"line":135,"column":8},"end":{"line":135,"column":8}},{"start":{"line":135,"column":8},"end":{"line":135,"column":8}}]},"20":{"line":136,"type":"if","locations":[{"start":{"line":136,"column":8},"end":{"line":136,"column":8}},{"start":{"line":136,"column":8},"end":{"line":136,"column":8}}]},"21":{"line":198,"type":"if","locations":[{"start":{"line":198,"column":8},"end":{"line":198,"column":8}},{"start":{"line":198,"column":8},"end":{"line":198,"column":8}}]},"22":{"line":206,"type":"if","locations":[{"start":{"line":206,"column":8},"end":{"line":206,"column":8}},{"start":{"line":206,"column":8},"end":{"line":206,"column":8}}]},"23":{"line":224,"type":"if","locations":[{"start":{"line":224,"column":12},"end":{"line":224,"column":12}},{"start":{"line":224,"column":12},"end":{"line":224,"column":12}}]},"24":{"line":232,"type":"if","locations":[{"start":{"line":232,"column":12},"end":{"line":232,"column":12}},{"start":{"line":232,"column":12},"end":{"line":232,"column":12}}]},"25":{"line":237,"type":"if","locations":[{"start":{"line":237,"column":16},"end":{"line":237,"column":16}},{"start":{"line":237,"column":16},"end":{"line":237,"column":16}}]},"26":{"line":246,"type":"if","locations":[{"start":{"line":246,"column":8},"end":{"line":246,"column":8}},{"start":{"line":246,"column":8},"end":{"line":246,"column":8}}]},"27":{"line":268,"type":"if","locations":[{"start":{"line":268,"column":8},"end":{"line":268,"column":8}},{"start":{"line":268,"column":8},"end":{"line":268,"column":8}}]},"28":{"line":273,"type":"if","locations":[{"start":{"line":273,"column":8},"end":{"line":273,"column":8}},{"start":{"line":273,"column":8},"end":{"line":273,"column":8}}]},"29":{"line":278,"type":"if","locations":[{"start":{"line":278,"column":8},"end":{"line":278,"column":8}},{"start":{"line":278,"column":8},"end":{"line":278,"column":8}}]},"30":{"line":283,"type":"if","locations":[{"start":{"line":283,"column":8},"end":{"line":283,"column":8}},{"start":{"line":283,"column":8},"end":{"line":283,"column":8}}]},"31":{"line":288,"type":"if","locations":[{"start":{"line":288,"column":8},"end":{"line":288,"column":8}},{"start":{"line":288,"column":8},"end":{"line":288,"column":8}}]},"32":{"line":316,"type":"if","locations":[{"start":{"line":316,"column":8},"end":{"line":316,"column":8}},{"start":{"line":316,"column":8},"end":{"line":316,"column":8}}]},"33":{"line":327,"type":"if","locations":[{"start":{"line":327,"column":12},"end":{"line":327,"column":12}},{"start":{"line":327,"column":12},"end":{"line":327,"column":12}}]},"34":{"line":360,"type":"if","locations":[{"start":{"line":360,"column":8},"end":{"line":360,"column":8}},{"start":{"line":360,"column":8},"end":{"line":360,"column":8}}]},"35":{"line":373,"type":"if","locations":[{"start":{"line":373,"column":8},"end":{"line":373,"column":8}},{"start":{"line":373,"column":8},"end":{"line":373,"column":8}}]},"36":{"line":387,"type":"if","locations":[{"start":{"line":387,"column":8},"end":{"line":387,"column":8}},{"start":{"line":387,"column":8},"end":{"line":387,"column":8}}]},"37":{"line":404,"type":"if","locations":[{"start":{"line":404,"column":8},"end":{"line":404,"column":8}},{"start":{"line":404,"column":8},"end":{"line":404,"column":8}}]},"38":{"line":415,"type":"if","locations":[{"start":{"line":415,"column":8},"end":{"line":415,"column":8}},{"start":{"line":415,"column":8},"end":{"line":415,"column":8}}]},"39":{"line":442,"type":"if","locations":[{"start":{"line":442,"column":8},"end":{"line":442,"column":8}},{"start":{"line":442,"column":8},"end":{"line":442,"column":8}}]},"40":{"line":446,"type":"if","locations":[{"start":{"line":446,"column":15},"end":{"line":446,"column":15}},{"start":{"line":446,"column":15},"end":{"line":446,"column":15}}]},"41":{"line":456,"type":"if","locations":[{"start":{"line":456,"column":8},"end":{"line":456,"column":8}},{"start":{"line":456,"column":8},"end":{"line":456,"column":8}}]},"42":{"line":460,"type":"if","locations":[{"start":{"line":460,"column":8},"end":{"line":460,"column":8}},{"start":{"line":460,"column":8},"end":{"line":460,"column":8}}]},"43":{"line":478,"type":"if","locations":[{"start":{"line":478,"column":8},"end":{"line":478,"column":8}},{"start":{"line":478,"column":8},"end":{"line":478,"column":8}}]},"44":{"line":482,"type":"if","locations":[{"start":{"line":482,"column":8},"end":{"line":482,"column":8}},{"start":{"line":482,"column":8},"end":{"line":482,"column":8}}]},"45":{"line":498,"type":"if","locations":[{"start":{"line":498,"column":8},"end":{"line":498,"column":8}},{"start":{"line":498,"column":8},"end":{"line":498,"column":8}}]},"46":{"line":501,"type":"if","locations":[{"start":{"line":501,"column":8},"end":{"line":501,"column":8}},{"start":{"line":501,"column":8},"end":{"line":501,"column":8}}]},"47":{"line":503,"type":"if","locations":[{"start":{"line":503,"column":8},"end":{"line":503,"column":8}},{"start":{"line":503,"column":8},"end":{"line":503,"column":8}}]},"48":{"line":507,"type":"if","locations":[{"start":{"line":507,"column":8},"end":{"line":507,"column":8}},{"start":{"line":507,"column":8},"end":{"line":507,"column":8}}]},"49":{"line":542,"type":"if","locations":[{"start":{"line":542,"column":8},"end":{"line":542,"column":8}},{"start":{"line":542,"column":8},"end":{"line":542,"column":8}}]},"50":{"line":552,"type":"if","locations":[{"start":{"line":552,"column":8},"end":{"line":552,"column":8}},{"start":{"line":552,"column":8},"end":{"line":552,"column":8}}]},"51":{"line":577,"type":"if","locations":[{"start":{"line":577,"column":8},"end":{"line":577,"column":8}},{"start":{"line":577,"column":8},"end":{"line":577,"column":8}}]},"52":{"line":579,"type":"if","locations":[{"start":{"line":579,"column":15},"end":{"line":579,"column":15}},{"start":{"line":579,"column":15},"end":{"line":579,"column":15}}]},"53":{"line":605,"type":"if","locations":[{"start":{"line":605,"column":8},"end":{"line":605,"column":8}},{"start":{"line":605,"column":8},"end":{"line":605,"column":8}}]},"54":{"line":608,"type":"if","locations":[{"start":{"line":608,"column":8},"end":{"line":608,"column":8}},{"start":{"line":608,"column":8},"end":{"line":608,"column":8}}]},"55":{"line":623,"type":"if","locations":[{"start":{"line":623,"column":8},"end":{"line":623,"column":8}},{"start":{"line":623,"column":8},"end":{"line":623,"column":8}}]},"56":{"line":626,"type":"if","locations":[{"start":{"line":626,"column":8},"end":{"line":626,"column":8}},{"start":{"line":626,"column":8},"end":{"line":626,"column":8}}]}}},
"contracts/BaseModule.sol":{"l":{"17":1737,"18":1737,"25":1884,"31":1671,"41":1079,"48":1079,"52":12,"59":12},"path":"/Users/nemitariajienka/Desktop/projects/euler-contracts/contracts/BaseModule.sol","s":{"1":1737,"2":1737,"3":1079,"4":1079,"5":12,"6":12},"b":{"1":[1078,1],"2":[11,1]},"f":{"1":1737,"2":1884,"3":1671,"4":1079,"5":12},"fnMap":{"1":{"name":"constructor","line":16,"loc":{"start":{"line":16,"column":4},"end":{"line":19,"column":4}}},"2":{"name":"unpackTrailingParamMsgSender","line":24,"loc":{"start":{"line":24,"column":4},"end":{"line":28,"column":4}}},"3":{"name":"unpackTrailingParams","line":30,"loc":{"start":{"line":30,"column":4},"end":{"line":35,"column":4}}},"4":{"name":"emitViaProxy_Transfer","line":40,"loc":{"start":{"line":40,"column":4},"end":{"line":49,"column":4}}},"5":{"name":"emitViaProxy_Approval","line":51,"loc":{"start":{"line":51,"column":4},"end":{"line":60,"column":4}}}},"statementMap":{"1":{"start":{"line":17,"column":8},"end":{"line":17,"column":27}},"2":{"start":{"line":18,"column":8},"end":{"line":18,"column":41}},"3":{"start":{"line":41,"column":8},"end":{"line":41,"column":1109}},"4":{"start":{"line":48,"column":8},"end":{"line":48,"column":43}},"5":{"start":{"line":52,"column":8},"end":{"line":52,"column":1652}},"6":{"start":{"line":59,"column":8},"end":{"line":59,"column":43}}},"branchMap":{"1":{"line":48,"type":"if","locations":[{"start":{"line":48,"column":8},"end":{"line":48,"column":8}},{"start":{"line":48,"column":8},"end":{"line":48,"column":8}}]},"2":{"line":59,"type":"if","locations":[{"start":{"line":59,"column":8},"end":{"line":59,"column":8}},{"start":{"line":59,"column":8},"end":{"line":59,"column":8}}]}}},
"contracts/Constants.sol":{"l":{},"path":"/Users/nemitariajienka/Desktop/projects/euler-contracts/contracts/Constants.sol","s":{},"b":{},"f":{},"fnMap":{},"statementMap":{},"branchMap":{}},
"contracts/Euler.sol":{"l":{"11":129,"13":129,"14":129,"15":129,"17":129,"18":129,"19":129,"28":2,"35":306,"39":7539,"40":7539,"42":7539,"44":7538,"46":7538,"47":7538,"49":7537},"path":"/Users/nemitariajienka/Desktop/projects/euler-contracts/contracts/Euler.sol","s":{"1":129,"2":129,"3":129,"4":129,"5":129,"6":129,"7":129,"8":2,"9":306,"10":7539,"11":7539,"12":7539,"13":7538,"14":1651,"15":7538,"16":7538},"b":{"1":[7538,1],"2":[1651,5887],"3":[7537,1]},"f":{"1":129,"2":2,"3":306,"4":7539},"fnMap":{"1":{"name":"constructor","line":10,"loc":{"start":{"line":10,"column":4},"end":{"line":20,"column":4}}},"2":{"name":"moduleIdToImplementation","line":27,"loc":{"start":{"line":27,"column":4},"end":{"line":29,"column":4}}},"3":{"name":"moduleIdToProxy","line":34,"loc":{"start":{"line":34,"column":4},"end":{"line":36,"column":4}}},"4":{"name":"dispatch","line":38,"loc":{"start":{"line":38,"column":4},"end":{"line":62,"column":4}}}},"statementMap":{"1":{"start":{"line":11,"column":8},"end":{"line":11,"column":22}},"2":{"start":{"line":13,"column":8},"end":{"line":13,"column":48}},"3":{"start":{"line":14,"column":8},"end":{"line":14,"column":27}},"4":{"start":{"line":15,"column":8},"end":{"line":15,"column":28}},"5":{"start":{"line":17,"column":8},"end":{"line":17,"column":58}},"6":{"start":{"line":18,"column":8},"end":{"line":18,"column":66}},"7":{"start":{"line":19,"column":8},"end":{"line":19,"column":66}},"8":{"start":{"line":28,"column":8},"end":{"line":28,"column":37}},"9":{"start":{"line":35,"column":8},"end":{"line":35,"column":36}},"10":{"start":{"line":39,"column":8},"end":{"line":39,"column":61}},"11":{"start":{"line":40,"column":8},"end":{"line":40,"column":66}},"12":{"start":{"line":42,"column":8},"end":{"line":42,"column":53}},"13":{"start":{"line":44,"column":8},"end":{"line":44,"column":73}},"14":{"start":{"line":44,"column":38},"end":{"line":44,"column":72}},"15":{"start":{"line":46,"column":8},"end":{"line":46,"column":44}},"16":{"start":{"line":47,"column":8},"end":{"line":47,"column":66}}},"branchMap":{"1":{"line":42,"type":"if","locations":[{"start":{"line":42,"column":8},"end":{"line":42,"column":8}},{"start":{"line":42,"column":8},"end":{"line":42,"column":8}}]},"2":{"line":44,"type":"if","locations":[{"start":{"line":44,"column":8},"end":{"line":44,"column":8}},{"start":{"line":44,"column":8},"end":{"line":44,"column":8}}]},"3":{"line":47,"type":"if","locations":[{"start":{"line":47,"column":8},"end":{"line":47,"column":8}},{"start":{"line":47,"column":8},"end":{"line":47,"column":8}}]}}},
"contracts/Events.sol":{"l":{},"path":"/Users/nemitariajienka/Desktop/projects/euler-contracts/contracts/Events.sol","s":{},"b":{},"f":{},"fnMap":{},"statementMap":{},"branchMap":{}},
"contracts/Interfaces.sol":{"l":{},"path":"/Users/nemitariajienka/Desktop/projects/euler-contracts/contracts/Interfaces.sol","s":{},"b":{},"f":{},"fnMap":{},"statementMap":{},"branchMap":{}},
"contracts/IRiskManager.sol":{"l":{},"path":"/Users/nemitariajienka/Desktop/projects/euler-contracts/contracts/IRiskManager.sol","s":{},"b":{},"f":{},"fnMap":{},"statementMap":{},"branchMap":{}},
"contracts/mining/EulDistributor.sol":{"l":{"25":120,"26":120,"27":120,"28":120,"34":23,"35":11,"39":2,"40":2,"44":9,"45":9,"56":404,"57":404,"59":300,"60":300,"62":274,"63":274,"67":274,"69":274,"70":174,"72":100,"73":80,"74":40},"path":"/Users/nemitariajienka/Desktop/projects/euler-contracts/contracts/mining/EulDistributor.sol","s":{"1":120,"2":120,"3":120,"4":120,"5":23,"6":2,"7":2,"8":9,"9":9,"10":404,"11":404,"12":300,"13":300,"14":274,"15":274,"16":274,"17":174,"18":100,"19":80,"20":40},"b":{"1":[11,12],"2":[300,104],"3":[274,26],"4":[174,100],"5":[80,20],"6":[40,40]},"f":{"1":120,"2":23,"3":2,"4":9,"5":404},"fnMap":{"1":{"name":"constructor","line":24,"loc":{"start":{"line":24,"column":4},"end":{"line":29,"column":4}}},"2":{"name":"onlyOwner","line":33,"loc":{"start":{"line":33,"column":4},"end":{"line":36,"column":4}}},"3":{"name":"transferOwnership","line":38,"loc":{"start":{"line":38,"column":4},"end":{"line":41,"column":4}}},"4":{"name":"updateRoot","line":43,"loc":{"start":{"line":43,"column":4},"end":{"line":46,"column":4}}},"5":{"name":"claim","line":55,"loc":{"start":{"line":55,"column":4},"end":{"line":76,"column":4}}}},"statementMap":{"1":{"start":{"line":25,"column":8},"end":{"line":25,"column":17}},"2":{"start":{"line":26,"column":8},"end":{"line":26,"column":29}},"3":{"start":{"line":27,"column":8},"end":{"line":27,"column":25}},"4":{"start":{"line":28,"column":8},"end":{"line":28,"column":58}},"5":{"start":{"line":34,"column":8},"end":{"line":34,"column":51}},"6":{"start":{"line":39,"column":8},"end":{"line":39,"column":23}},"7":{"start":{"line":40,"column":8},"end":{"line":40,"column":35}},"8":{"start":{"line":44,"column":8},"end":{"line":44,"column":26}},"9":{"start":{"line":45,"column":8},"end":{"line":45,"column":25}},"10":{"start":{"line":56,"column":8},"end":{"line":56,"column":119}},"11":{"start":{"line":57,"column":8},"end":{"line":57,"column":95}},"12":{"start":{"line":59,"column":8},"end":{"line":59,"column":53}},"13":{"start":{"line":60,"column":8},"end":{"line":60,"column":61}},"14":{"start":{"line":62,"column":8},"end":{"line":62,"column":19}},"15":{"start":{"line":67,"column":8},"end":{"line":67,"column":42}},"16":{"start":{"line":69,"column":8},"end":{"line":69,"column":2192}},"17":{"start":{"line":70,"column":12},"end":{"line":70,"column":53}},"18":{"start":{"line":72,"column":12},"end":{"line":72,"column":77}},"19":{"start":{"line":73,"column":12},"end":{"line":73,"column":59}},"20":{"start":{"line":74,"column":12},"end":{"line":74,"column":66}}},"branchMap":{"1":{"line":34,"type":"if","locations":[{"start":{"line":34,"column":8},"end":{"line":34,"column":8}},{"start":{"line":34,"column":8},"end":{"line":34,"column":8}}]},"2":{"line":57,"type":"if","locations":[{"start":{"line":57,"column":8},"end":{"line":57,"column":8}},{"start":{"line":57,"column":8},"end":{"line":57,"column":8}}]},"3":{"line":60,"type":"if","locations":[{"start":{"line":60,"column":8},"end":{"line":60,"column":8}},{"start":{"line":60,"column":8},"end":{"line":60,"column":8}}]},"4":{"line":69,"type":"if","locations":[{"start":{"line":69,"column":8},"end":{"line":69,"column":8}},{"start":{"line":69,"column":8},"end":{"line":69,"column":8}}]},"5":{"line":72,"type":"if","locations":[{"start":{"line":72,"column":12},"end":{"line":72,"column":12}},{"start":{"line":72,"column":12},"end":{"line":72,"column":12}}]},"6":{"line":73,"type":"if","locations":[{"start":{"line":73,"column":12},"end":{"line":73,"column":12}},{"start":{"line":73,"column":12},"end":{"line":73,"column":12}}]}}},
"contracts/mining/EulStakes.sol":{"l":{"15":120,"23":87,"35":17,"37":17,"38":27,"39":27,"41":26,"43":24,"45":24,"46":24,"47":24,"48":23,"51":23,"52":23,"54":23,"57":14,"58":8,"60":5,"69":46,"70":45,"72":44,"74":44,"75":44,"77":44,"88":4,"90":3},"path":"/Users/nemitariajienka/Desktop/projects/euler-contracts/contracts/mining/EulStakes.sol","s":{"1":120,"2":87,"3":17,"4":17,"5":27,"6":27,"7":26,"8":24,"9":24,"10":24,"11":23,"12":23,"13":23,"14":23,"15":14,"16":8,"17":6,"18":5,"19":46,"20":45,"21":1,"22":44,"23":44,"24":44,"25":44,"26":4,"27":3},"b":{"1":[1,26],"2":[24,2],"3":[23,1],"4":[8,6],"5":[5,1],"6":[45,1],"7":[1,44]},"f":{"1":120,"2":87,"3":17,"4":46,"5":4},"fnMap":{"1":{"name":"constructor","line":14,"loc":{"start":{"line":14,"column":4},"end":{"line":16,"column":4}}},"2":{"name":"staked","line":22,"loc":{"start":{"line":22,"column":4},"end":{"line":24,"column":4}}},"3":{"name":"stake","line":34,"loc":{"start":{"line":34,"column":4},"end":{"line":62,"column":4}}},"4":{"name":"stakeGift","line":68,"loc":{"start":{"line":68,"column":4},"end":{"line":78,"column":4}}},"5":{"name":"stakePermit","line":87,"loc":{"start":{"line":87,"column":4},"end":{"line":91,"column":4}}}},"statementMap":{"1":{"start":{"line":15,"column":8},"end":{"line":15,"column":17}},"2":{"start":{"line":23,"column":8},"end":{"line":23,"column":46}},"3":{"start":{"line":35,"column":8},"end":{"line":35,"column":21}},"4":{"start":{"line":37,"column":8},"end":{"line":37,"column":1304}},"5":{"start":{"line":38,"column":12},"end":{"line":38,"column":38}},"6":{"start":{"line":39,"column":12},"end":{"line":39,"column":40}},"7":{"start":{"line":41,"column":12},"end":{"line":41,"column":80}},"8":{"start":{"line":43,"column":12},"end":{"line":43,"column":26}},"9":{"start":{"line":46,"column":16},"end":{"line":46,"column":92}},"10":{"start":{"line":47,"column":16},"end":{"line":47,"column":67}},"11":{"start":{"line":48,"column":16},"end":{"line":48,"column":48}},"12":{"start":{"line":51,"column":12},"end":{"line":51,"column":60}},"13":{"start":{"line":52,"column":12},"end":{"line":52,"column":72}},"14":{"start":{"line":54,"column":12},"end":{"line":54,"column":29}},"15":{"start":{"line":57,"column":8},"end":{"line":57,"column":1973}},"16":{"start":{"line":58,"column":12},"end":{"line":58,"column":78}},"17":{"start":{"line":59,"column":15},"end":{"line":59,"column":2086}},"18":{"start":{"line":60,"column":12},"end":{"line":60,"column":60}},"19":{"start":{"line":69,"column":8},"end":{"line":69,"column":52}},"20":{"start":{"line":70,"column":8},"end":{"line":70,"column":31}},"21":{"start":{"line":70,"column":25},"end":{"line":70,"column":31}},"22":{"start":{"line":72,"column":8},"end":{"line":72,"column":69}},"23":{"start":{"line":74,"column":8},"end":{"line":74,"column":54}},"24":{"start":{"line":75,"column":8},"end":{"line":75,"column":66}},"25":{"start":{"line":77,"column":8},"end":{"line":77,"column":69}},"26":{"start":{"line":88,"column":8},"end":{"line":88,"column":84}},"27":{"start":{"line":90,"column":8},"end":{"line":90,"column":17}}},"branchMap":{"1":{"line":39,"type":"if","locations":[{"start":{"line":39,"column":12},"end":{"line":39,"column":12}},{"start":{"line":39,"column":12},"end":{"line":39,"column":12}}]},"2":{"line":41,"type":"if","locations":[{"start":{"line":41,"column":12},"end":{"line":41,"column":12}},{"start":{"line":41,"column":12},"end":{"line":41,"column":12}}]},"3":{"line":47,"type":"if","locations":[{"start":{"line":47,"column":16},"end":{"line":47,"column":16}},{"start":{"line":47,"column":16},"end":{"line":47,"column":16}}]},"4":{"line":57,"type":"if","locations":[{"start":{"line":57,"column":8},"end":{"line":57,"column":8}},{"start":{"line":57,"column":8},"end":{"line":57,"column":8}}]},"5":{"line":59,"type":"if","locations":[{"start":{"line":59,"column":15},"end":{"line":59,"column":15}},{"start":{"line":59,"column":15},"end":{"line":59,"column":15}}]},"6":{"line":69,"type":"if","locations":[{"start":{"line":69,"column":8},"end":{"line":69,"column":8}},{"start":{"line":69,"column":8},"end":{"line":69,"column":8}}]},"7":{"line":70,"type":"if","locations":[{"start":{"line":70,"column":8},"end":{"line":70,"column":8}},{"start":{"line":70,"column":8},"end":{"line":70,"column":8}}]}}},
"contracts/modules/DToken.sol":{"l":{"13":546,"14":546,"15":546,"16":545,"17":545,"32":1,"33":1,"38":1,"39":1,"44":2,"45":2,"50":1,"51":1,"57":42,"58":41,"60":40,"65":5,"66":5,"68":5,"74":197,"75":197,"77":197,"82":16,"83":16,"85":16,"93":191,"94":191,"96":191,"97":191,"99":191,"101":191,"102":1,"104":190,"107":191,"109":188,"111":187,"113":186,"114":167,"121":36,"122":36,"124":36,"125":36,"127":36,"129":36,"130":33,"133":36,"134":36,"135":33,"137":33,"139":32,"141":32,"150":9,"151":9,"153":9,"155":5,"157":5,"159":5,"161":5,"168":17,"169":17,"171":17,"173":17,"182":7,"190":28,"191":28,"193":28,"194":28,"196":25,"197":25,"198":25,"200":25,"203":25,"205":24,"206":13,"207":3,"208":3,"211":14,"213":13,"214":10,"216":10},"path":"/Users/nemitariajienka/Desktop/projects/euler-contracts/contracts/modules/DToken.sol","s":{"1":546,"2":546,"3":546,"4":545,"5":545,"6":1,"7":1,"8":1,"9":1,"10":2,"11":2,"12":1,"13":1,"14":42,"15":41,"16":40,"17":5,"18":5,"19":5,"20":197,"21":197,"22":197,"23":16,"24":16,"25":16,"26":191,"27":191,"28":191,"29":191,"30":191,"31":191,"32":1,"33":190,"34":191,"35":188,"36":187,"37":186,"38":167,"39":36,"40":36,"41":36,"42":36,"43":36,"44":36,"45":33,"46":36,"47":36,"48":3,"49":33,"50":3,"51":33,"52":32,"53":32,"54":9,"55":9,"56":9,"57":5,"58":5,"59":5,"60":5,"61":17,"62":17,"63":17,"64":17,"65":7,"66":28,"67":28,"68":28,"69":7,"70":28,"71":25,"72":25,"73":25,"74":25,"75":5,"76":20,"77":25,"78":1,"79":24,"80":13,"81":3,"82":14,"83":13,"84":10,"85":10},"b":{"1":[545,1],"2":[1,190],"3":[188,3],"4":[33,3],"5":[3,33],"6":[3,30],"7":[5,4],"8":[7,21],"9":[25,3],"10":[5,20],"11":[1,24],"12":[13,11],"13":[3,10]},"f":{"1":129,"2":546,"3":1,"4":1,"5":2,"6":1,"7":42,"8":5,"9":197,"10":16,"11":191,"12":36,"13":9,"14":17,"15":7,"16":28},"fnMap":{"1":{"name":"constructor","line":10,"loc":{"start":{"line":10,"column":4},"end":{"line":10,"column":89}}},"2":{"name":"CALLER","line":12,"loc":{"start":{"line":12,"column":4},"end":{"line":18,"column":4}}},"3":{"name":"name","line":31,"loc":{"start":{"line":31,"column":4},"end":{"line":34,"column":4}}},"4":{"name":"symbol","line":37,"loc":{"start":{"line":37,"column":4},"end":{"line":40,"column":4}}},"5":{"name":"decimals","line":43,"loc":{"start":{"line":43,"column":4},"end":{"line":46,"column":4}}},"6":{"name":"underlyingAsset","line":49,"loc":{"start":{"line":49,"column":4},"end":{"line":52,"column":4}}},"7":{"name":"totalSupply","line":56,"loc":{"start":{"line":56,"column":4},"end":{"line":61,"column":4}}},"8":{"name":"totalSupplyExact","line":64,"loc":{"start":{"line":64,"column":4},"end":{"line":69,"column":4}}},"9":{"name":"balanceOf","line":73,"loc":{"start":{"line":73,"column":4},"end":{"line":78,"column":4}}},"10":{"name":"balanceOfExact","line":81,"loc":{"start":{"line":81,"column":4},"end":{"line":86,"column":4}}},"11":{"name":"borrow","line":92,"loc":{"start":{"line":92,"column":4},"end":{"line":115,"column":4}}},"12":{"name":"repay","line":120,"loc":{"start":{"line":120,"column":4},"end":{"line":142,"column":4}}},"13":{"name":"approveDebt","line":149,"loc":{"start":{"line":149,"column":4},"end":{"line":162,"column":4}}},"14":{"name":"debtAllowance","line":167,"loc":{"start":{"line":167,"column":4},"end":{"line":174,"column":4}}},"15":{"name":"transfer","line":181,"loc":{"start":{"line":181,"column":4},"end":{"line":183,"column":4}}},"16":{"name":"transferFrom","line":189,"loc":{"start":{"line":189,"column":4},"end":{"line":217,"column":4}}}},"statementMap":{"1":{"start":{"line":13,"column":8},"end":{"line":13,"column":54}},"2":{"start":{"line":14,"column":8},"end":{"line":14,"column":55}},"3":{"start":{"line":15,"column":8},"end":{"line":15,"column":75}},"4":{"start":{"line":16,"column":8},"end":{"line":16,"column":49}},"5":{"start":{"line":17,"column":8},"end":{"line":17,"column":43}},"6":{"start":{"line":32,"column":8},"end":{"line":32,"column":42}},"7":{"start":{"line":33,"column":8},"end":{"line":33,"column":82}},"8":{"start":{"line":38,"column":8},"end":{"line":38,"column":42}},"9":{"start":{"line":39,"column":8},"end":{"line":39,"column":73}},"10":{"start":{"line":44,"column":8},"end":{"line":44,"column":57}},"11":{"start":{"line":45,"column":8},"end":{"line":45,"column":46}},"12":{"start":{"line":50,"column":8},"end":{"line":50,"column":42}},"13":{"start":{"line":51,"column":8},"end":{"line":51,"column":25}},"14":{"start":{"line":57,"column":8},"end":{"line":57,"column":76}},"15":{"start":{"line":58,"column":8},"end":{"line":58,"column":81}},"16":{"start":{"line":60,"column":8},"end":{"line":60,"column":102}},"17":{"start":{"line":65,"column":8},"end":{"line":65,"column":76}},"18":{"start":{"line":66,"column":8},"end":{"line":66,"column":81}},"19":{"start":{"line":68,"column":8},"end":{"line":68,"column":38}},"20":{"start":{"line":74,"column":8},"end":{"line":74,"column":76}},"21":{"start":{"line":75,"column":8},"end":{"line":75,"column":81}},"22":{"start":{"line":77,"column":8},"end":{"line":77,"column":102}},"23":{"start":{"line":82,"column":8},"end":{"line":82,"column":76}},"24":{"start":{"line":83,"column":8},"end":{"line":83,"column":81}},"25":{"start":{"line":85,"column":8},"end":{"line":85,"column":103}},"26":{"start":{"line":93,"column":8},"end":{"line":93,"column":112}},"27":{"start":{"line":94,"column":8},"end":{"line":94,"column":64}},"28":{"start":{"line":96,"column":8},"end":{"line":96,"column":38}},"29":{"start":{"line":97,"column":8},"end":{"line":97,"column":43}},"30":{"start":{"line":99,"column":8},"end":{"line":99,"column":79}},"31":{"start":{"line":101,"column":8},"end":{"line":101,"column":4186}},"32":{"start":{"line":102,"column":12},"end":{"line":102,"column":39}},"33":{"start":{"line":104,"column":12},"end":{"line":104,"column":60}},"34":{"start":{"line":107,"column":8},"end":{"line":107,"column":80}},"35":{"start":{"line":109,"column":8},"end":{"line":109,"column":48}},"36":{"start":{"line":111,"column":8},"end":{"line":111,"column":75}},"37":{"start":{"line":113,"column":8},"end":{"line":113,"column":30}},"38":{"start":{"line":114,"column":8},"end":{"line":114,"column":33}},"39":{"start":{"line":121,"column":8},"end":{"line":121,"column":112}},"40":{"start":{"line":122,"column":8},"end":{"line":122,"column":64}},"41":{"start":{"line":124,"column":8},"end":{"line":124,"column":38}},"42":{"start":{"line":125,"column":8},"end":{"line":125,"column":42}},"43":{"start":{"line":127,"column":8},"end":{"line":127,"column":79}},"44":{"start":{"line":129,"column":8},"end":{"line":129,"column":5328}},"45":{"start":{"line":130,"column":12},"end":{"line":130,"column":60}},"46":{"start":{"line":133,"column":8},"end":{"line":133,"column":69}},"47":{"start":{"line":134,"column":8},"end":{"line":134,"column":29}},"48":{"start":{"line":134,"column":23},"end":{"line":134,"column":29}},"49":{"start":{"line":135,"column":8},"end":{"line":135,"column":40}},"50":{"start":{"line":135,"column":27},"end":{"line":135,"column":39}},"51":{"start":{"line":137,"column":8},"end":{"line":137,"column":57}},"52":{"start":{"line":139,"column":8},"end":{"line":139,"column":75}},"53":{"start":{"line":141,"column":8},"end":{"line":141,"column":33}},"54":{"start":{"line":150,"column":8},"end":{"line":150,"column":112}},"55":{"start":{"line":151,"column":8},"end":{"line":151,"column":64}},"56":{"start":{"line":153,"column":8},"end":{"line":153,"column":68}},"57":{"start":{"line":155,"column":8},"end":{"line":155,"column":79}},"58":{"start":{"line":157,"column":8},"end":{"line":157,"column":140}},"59":{"start":{"line":159,"column":8},"end":{"line":159,"column":65}},"60":{"start":{"line":161,"column":8},"end":{"line":161,"column":19}},"61":{"start":{"line":168,"column":8},"end":{"line":168,"column":76}},"62":{"start":{"line":169,"column":8},"end":{"line":169,"column":81}},"63":{"start":{"line":171,"column":8},"end":{"line":171,"column":70}},"64":{"start":{"line":173,"column":8},"end":{"line":173,"column":109}},"65":{"start":{"line":182,"column":8},"end":{"line":182,"column":51}},"66":{"start":{"line":190,"column":8},"end":{"line":190,"column":112}},"67":{"start":{"line":191,"column":8},"end":{"line":191,"column":79}},"68":{"start":{"line":193,"column":8},"end":{"line":193,"column":48}},"69":{"start":{"line":193,"column":32},"end":{"line":193,"column":47}},"70":{"start":{"line":194,"column":8},"end":{"line":194,"column":45}},"71":{"start":{"line":196,"column":8},"end":{"line":196,"column":35}},"72":{"start":{"line":197,"column":8},"end":{"line":197,"column":33}},"73":{"start":{"line":198,"column":8},"end":{"line":198,"column":52}},"74":{"start":{"line":200,"column":8},"end":{"line":200,"column":8602}},"75":{"start":{"line":200,"column":38},"end":{"line":200,"column":92}},"76":{"start":{"line":201,"column":13},"end":{"line":201,"column":61}},"77":{"start":{"line":203,"column":8},"end":{"line":203,"column":36}},"78":{"start":{"line":203,"column":25},"end":{"line":203,"column":36}},"79":{"start":{"line":205,"column":8},"end":{"line":205,"column":8747}},"80":{"start":{"line":206,"column":12},"end":{"line":206,"column":106}},"81":{"start":{"line":208,"column":12},"end":{"line":208,"column":141}},"82":{"start":{"line":211,"column":8},"end":{"line":211,"column":76}},"83":{"start":{"line":213,"column":8},"end":{"line":213,"column":25}},"84":{"start":{"line":214,"column":8},"end":{"line":214,"column":33}},"85":{"start":{"line":216,"column":8},"end":{"line":216,"column":19}}},"branchMap":{"1":{"line":15,"type":"if","locations":[{"start":{"line":15,"column":8},"end":{"line":15,"column":8}},{"start":{"line":15,"column":8},"end":{"line":15,"column":8}}]},"2":{"line":101,"type":"if","locations":[{"start":{"line":101,"column":8},"end":{"line":101,"column":8}},{"start":{"line":101,"column":8},"end":{"line":101,"column":8}}]},"3":{"line":107,"type":"if","locations":[{"start":{"line":107,"column":8},"end":{"line":107,"column":8}},{"start":{"line":107,"column":8},"end":{"line":107,"column":8}}]},"4":{"line":129,"type":"if","locations":[{"start":{"line":129,"column":8},"end":{"line":129,"column":8}},{"start":{"line":129,"column":8},"end":{"line":129,"column":8}}]},"5":{"line":134,"type":"if","locations":[{"start":{"line":134,"column":8},"end":{"line":134,"column":8}},{"start":{"line":134,"column":8},"end":{"line":134,"column":8}}]},"6":{"line":135,"type":"if","locations":[{"start":{"line":135,"column":8},"end":{"line":135,"column":8}},{"start":{"line":135,"column":8},"end":{"line":135,"column":8}}]},"7":{"line":153,"type":"if","locations":[{"start":{"line":153,"column":8},"end":{"line":153,"column":8}},{"start":{"line":153,"column":8},"end":{"line":153,"column":8}}]},"8":{"line":193,"type":"if","locations":[{"start":{"line":193,"column":8},"end":{"line":193,"column":8}},{"start":{"line":193,"column":8},"end":{"line":193,"column":8}}]},"9":{"line":194,"type":"if","locations":[{"start":{"line":194,"column":8},"end":{"line":194,"column":8}},{"start":{"line":194,"column":8},"end":{"line":194,"column":8}}]},"10":{"line":200,"type":"if","locations":[{"start":{"line":200,"column":8},"end":{"line":200,"column":8}},{"start":{"line":200,"column":8},"end":{"line":200,"column":8}}]},"11":{"line":203,"type":"if","locations":[{"start":{"line":203,"column":8},"end":{"line":203,"column":8}},{"start":{"line":203,"column":8},"end":{"line":203,"column":8}}]},"12":{"line":205,"type":"if","locations":[{"start":{"line":205,"column":8},"end":{"line":205,"column":8}},{"start":{"line":205,"column":8},"end":{"line":205,"column":8}}]},"13":{"line":206,"type":"if","locations":[{"start":{"line":206,"column":12},"end":{"line":206,"column":12}},{"start":{"line":206,"column":12},"end":{"line":206,"column":12}}]}}},
"contracts/modules/EToken.sol":{"l":{"13":1120,"14":1120,"15":1120,"16":1120,"31":7,"32":7,"37":1,"38":1,"43":2,"48":1,"49":1,"56":14,"57":13,"59":13,"64":35,"65":35,"67":35,"73":168,"75":168,"80":120,"81":120,"83":120,"89":6,"90":6,"92":6,"97":39,"98":39,"100":39,"108":4,"109":4,"111":4,"118":3,"119":3,"121":3,"127":3,"128":3,"130":3,"132":3,"140":589,"141":589,"143":588,"144":588,"146":588,"148":588,"149":94,"152":588,"154":582,"155":575,"162":575,"168":575,"170":575,"172":573,"179":35,"180":35,"182":35,"183":35,"185":35,"187":35,"188":35,"189":31,"191":28,"193":26,"195":20,"197":20,"205":22,"206":22,"208":22,"209":22,"211":22,"213":22,"214":22,"215":22,"219":22,"223":21,"225":20,"226":13,"233":10,"234":10,"236":10,"237":10,"239":10,"241":10,"242":10,"244":9,"245":9,"247":9,"248":1,"249":1,"254":9,"258":9,"260":9,"261":9,"270":6,"278":6,"279":6,"281":6,"283":2,"284":2,"286":2,"293":13,"295":13,"305":26,"312":2,"314":2,"322":42,"324":42,"326":42,"327":42,"329":39,"330":39,"331":39,"333":39,"335":36,"336":6,"337":1,"338":1,"341":31,"343":28,"344":25,"346":23,"348":23},"path":"/Users/nemitariajienka/Desktop/projects/euler-contracts/contracts/modules/EToken.sol","s":{"1":1120,"2":1120,"3":1120,"4":1120,"5":7,"6":7,"7":1,"8":1,"9":2,"10":1,"11":1,"12":14,"13":13,"14":13,"15":35,"16":35,"17":35,"18":168,"19":168,"20":120,"21":120,"22":120,"23":6,"24":6,"25":6,"26":39,"27":39,"28":39,"29":4,"30":4,"31":4,"32":3,"33":3,"34":3,"35":3,"36":3,"37":3,"38":3,"39":589,"40":589,"41":588,"42":588,"43":588,"44":588,"45":94,"46":588,"47":582,"48":575,"49":575,"50":575,"51":6,"52":573,"53":35,"54":35,"55":35,"56":35,"57":35,"58":35,"59":35,"60":31,"61":28,"62":26,"63":20,"64":20,"65":22,"66":22,"67":22,"68":22,"69":22,"70":22,"71":22,"72":22,"73":22,"74":21,"75":20,"76":13,"77":10,"78":10,"79":10,"80":10,"81":10,"82":10,"83":10,"84":1,"85":9,"86":9,"87":9,"88":1,"89":1,"90":9,"91":9,"92":9,"93":9,"94":6,"95":6,"96":6,"97":6,"98":2,"99":2,"100":2,"101":13,"102":13,"103":26,"104":2,"105":2,"106":42,"107":42,"108":42,"109":26,"110":42,"111":39,"112":39,"113":39,"114":39,"115":3,"116":36,"117":6,"118":1,"119":31,"120":28,"121":25,"122":2,"123":23,"124":23},"b":{"1":[1119,1],"2":[94,494],"3":[6,569],"4":[28,3],"5":[1,9],"6":[1,8],"7":[2,4],"8":[26,16],"9":[39,3],"10":[3,36],"11":[6,30],"12":[1,5],"13":[2,23]},"f":{"1":129,"2":1120,"3":7,"4":1,"5":2,"6":1,"7":14,"8":35,"9":168,"10":120,"11":6,"12":39,"13":4,"14":3,"15":3,"16":589,"17":35,"18":22,"19":10,"20":6,"21":6,"22":13,"23":26,"24":2,"25":42},"fnMap":{"1":{"name":"constructor","line":10,"loc":{"start":{"line":10,"column":4},"end":{"line":10,"column":89}}},"2":{"name":"CALLER","line":12,"loc":{"start":{"line":12,"column":4},"end":{"line":17,"column":4}}},"3":{"name":"name","line":30,"loc":{"start":{"line":30,"column":4},"end":{"line":33,"column":4}}},"4":{"name":"symbol","line":36,"loc":{"start":{"line":36,"column":4},"end":{"line":39,"column":4}}},"5":{"name":"decimals","line":42,"loc":{"start":{"line":42,"column":4},"end":{"line":44,"column":4}}},"6":{"name":"underlyingAsset","line":47,"loc":{"start":{"line":47,"column":4},"end":{"line":50,"column":4}}},"7":{"name":"totalSupply","line":55,"loc":{"start":{"line":55,"column":4},"end":{"line":60,"column":4}}},"8":{"name":"totalSupplyUnderlying","line":63,"loc":{"start":{"line":63,"column":4},"end":{"line":68,"column":4}}},"9":{"name":"balanceOf","line":72,"loc":{"start":{"line":72,"column":4},"end":{"line":76,"column":4}}},"10":{"name":"balanceOfUnderlying","line":79,"loc":{"start":{"line":79,"column":4},"end":{"line":84,"column":4}}},"11":{"name":"reserveBalance","line":88,"loc":{"start":{"line":88,"column":4
[...]
"contracts/test/TestModule.sol":{"l":{"11":1,"15":1,"16":1,"20":2,"24":1,"28":1,"29":1,"30":1,"31":1,"35":1,"36":1,"37":1,"38":1,"42":1,"46":1,"50":1,"51":1,"52":1,"56":1,"57":1,"61":1,"62":1,"66":0,"70":5,"71":5,"72":5,"76":1,"78":1,"83":1,"89":1,"96":1,"104":1},"path":"/Users/nemitariajienka/Desktop/projects/euler-contracts/contracts/test/TestModule.sol","s":{"1":1,"2":1,"3":1,"4":2,"5":1,"6":1,"7":1,"8":1,"9":1,"10":1,"11":1,"12":1,"13":1,"14":1,"15":1,"16":1,"17":1,"18":1,"19":1,"20":1,"21":1,"22":1,"23":1,"24":1,"25":1,"26":0,"27":5,"28":5,"29":5,"30":1,"31":1,"32":1,"33":1,"34":1,"35":1},"b":{"1":[1,0],"2":[1,0],"3":[1,0],"4":[5,0]},"f":{"1":51,"2":1,"3":1,"4":2,"5":1,"6":1,"7":1,"8":1,"9":1,"10":1,"11":1,"12":1,"13":0,"14":5,"15":1},"fnMap":{"1":{"name":"constructor","line":8,"loc":{"start":{"line":8,"column":4},"end":{"line":8,"column":64}}},"2":{"name":"setModuleId","line":10,"loc":{"start":{"line":10,"column":4},"end":{"line":12,"column":4}}},"3":{"name":"setModuleImpl","line":14,"loc":{"start":{"line":14,"column":4},"end":{"line":17,"column":4}}},"4":{"name":"setPricingType","line":19,"loc":{"start":{"line":19,"column":4},"end":{"line":21,"column":4}}},"5":{"name":"testCreateProxyOnInternalModule","line":23,"loc":{"start":{"line":23,"column":4},"end":{"line":25,"column":4}}},"6":{"name":"testDecreaseBorrow","line":27,"loc":{"start":{"line":27,"column":4},"end":{"line":32,"column":4}}},"7":{"name":"testTransferBorrow","line":34,"loc":{"start":{"line":34,"column":4},"end":{"line":39,"column":4}}},"8":{"name":"testEmitViaProxyTransfer","line":41,"loc":{"start":{"line":41,"column":4},"end":{"line":43,"column":4}}},"9":{"name":"testEmitViaProxyApproval","line":45,"loc":{"start":{"line":45,"column":4},"end":{"line":47,"column":4}}},"10":{"name":"testDispatchEmptyData","line":49,"loc":{"start":{"line":49,"column":4},"end":{"line":53,"column":4}}},"11":{"name":"testUnrecognizedETokenCaller","line":55,"loc":{"start":{"line":55,"column":4},"end":{"line":58,"column":4}}},"12":{"name":"testUnrecognizedDTokenCaller","line":60,"loc":{"start":{"line":60,"column":4},"end":{"line":63,"column":4}}},"13":{"name":"testCall","line":65,"loc":{"start":{"line":65,"column":4},"end":{"line":67,"column":4}}},"14":{"name":"issueLogToProxy","line":69,"loc":{"start":{"line":69,"column":4},"end":{"line":73,"column":4}}},"15":{"name":"testProxyLogs","line":75,"loc":{"start":{"line":75,"column":4},"end":{"line":112,"column":4}}}},"statementMap":{"1":{"start":{"line":11,"column":8},"end":{"line":11,"column":47}},"2":{"start":{"line":15,"column":8},"end":{"line":15,"column":63}},"3":{"start":{"line":16,"column":8},"end":{"line":16,"column":51}},"4":{"start":{"line":20,"column":8},"end":{"line":20,"column":45}},"5":{"start":{"line":24,"column":8},"end":{"line":24,"column":46}},"6":{"start":{"line":28,"column":8},"end":{"line":28,"column":64}},"7":{"start":{"line":29,"column":8},"end":{"line":29,"column":92}},"8":{"start":{"line":30,"column":8},"end":{"line":30,"column":56}},"9":{"start":{"line":31,"column":8},"end":{"line":31,"column":92}},"10":{"start":{"line":35,"column":8},"end":{"line":35,"column":64}},"11":{"start":{"line":36,"column":8},"end":{"line":36,"column":92}},"12":{"start":{"line":37,"column":8},"end":{"line":37,"column":56}},"13":{"start":{"line":38,"column":8},"end":{"line":38,"column":93}},"14":{"start":{"line":42,"column":8},"end":{"line":42,"column":56}},"15":{"start":{"line":46,"column":8},"end":{"line":46,"column":62}},"16":{"start":{"line":50,"column":8},"end":{"line":50,"column":51}},"17":{"start":{"line":51,"column":8},"end":{"line":51,"column":101}},"18":{"start":{"line":52,"column":8},"end":{"line":52,"column":39}},"19":{"start":{"line":52,"column":22},"end":{"line":52,"column":38}},"20":{"start":{"line":56,"column":8},"end":{"line":56,"column":140}},"21":{"start":{"line":57,"column":8},"end":{"line":57,"column":39}},"22":{"start":{"line":57,"column":22},"end":{"line":57,"column":38}},"23":{"start":{"line":61,"column":8},"end":{"line":61,"column":140}},"24":{"start":{"line":62,"column":8},"end":{"line":62,"column":39}},"25":{"start":{"line":62,"column":22},"end":{"line":62,"column":38}},"26":{"start":{"line":66,"column":8},"end":{"line":66,"column":34}},"27":{"start":{"line":70,"column":8},"end":{"line":70,"column":54}},"28":{"start":{"line":71,"column":8},"end":{"line":71,"column":49}},"29":{"start":{"line":72,"column":8},"end":{"line":72,"column":43}},"30":{"start":{"line":76,"column":8},"end":{"line":76,"column":40}},"31":{"start":{"line":78,"column":8},"end":{"line":78,"column":3137}},"32":{"start":{"line":83,"column":8},"end":{"line":83,"column":3290}},"33":{"start":{"line":89,"column":8},"end":{"line":89,"column":3492}},"34":{"start":{"line":96,"column":8},"end":{"line":96,"column":3743}},"35":{"start":{"line":104,"column":8},"end":{"line":104,"column":4043}}},"branchMap":{"1":{"line":52,"type":"if","locations":[{"start":{"line":52,"column":8},"end":{"line":52,"column":8}},{"start":{"line":52,"column":8},"end":{"line":52,"column":8}}]},"2":{"line":57,"type":"if","locations":[{"start":{"line":57,"column":8},"end":{"line":57,"column":8}},{"start":{"line":57,"column":8},"end":{"line":57,"column":8}}]},"3":{"line":62,"type":"if","locations":[{"start":{"line":62,"column":8},"end":{"line":62,"column":8}},{"start":{"line":62,"column":8},"end":{"line":62,"column":8}}]},"4":{"line":72,"type":"if","locations":[{"start":{"line":72,"column":8},"end":{"line":72,"column":8}},{"start":{"line":72,"column":8},"end":{"line":72,"column":8}}]}}},
"contracts/Utils.sol":{"l":{"9":686,"10":686,"14":412,"15":412,"19":169,"20":169},"path":"/Users/nemitariajienka/Desktop/projects/euler-contracts/contracts/Utils.sol","s":{"1":686,"2":686,"3":412,"4":412,"5":169,"6":169},"b":{"1":[682,4],"2":[410,2],"3":[169,0]},"f":{"1":686,"2":412,"3":169},"fnMap":{"1":{"name":"safeTransferFrom","line":8,"loc":{"start":{"line":8,"column":4},"end":{"line":11,"column":4}}},"2":{"name":"safeTransfer","line":13,"loc":{"start":{"line":13,"column":4},"end":{"line":16,"column":4}}},"3":{"name":"safeApprove","line":18,"loc":{"start":{"line":18,"column":4},"end":{"line":21,"column":4}}}},"statementMap":{"1":{"start":{"line":9,"column":8},"end":{"line":9,"column":125}},"2":{"start":{"line":10,"column":8},"end":{"line":10,"column":87}},"3":{"start":{"line":14,"column":8},"end":{"line":14,"column":115}},"4":{"start":{"line":15,"column":8},"end":{"line":15,"column":87}},"5":{"start":{"line":19,"column":8},"end":{"line":19,"column":114}},"6":{"start":{"line":20,"column":8},"end":{"line":20,"column":87}}},"branchMap":{"1":{"line":10,"type":"if","locations":[{"start":{"line":10,"column":8},"end":{"line":10,"column":8}},{"start":{"line":10,"column":8},"end":{"line":10,"column":8}}]},"2":{"line":15,"type":"if","locations":[{"start":{"line":15,"column":8},"end":{"line":15,"column":8}},{"start":{"line":15,"column":8},"end":{"line":15,"column":8}}]},"3":{"line":20,"type":"if","locations":[{"start":{"line":20,"column":8},"end":{"line":20,"column":8}},{"start":{"line":20,"column":8},"end":{"line":20,"column":8}}]}}},
"contracts/vendor/FullMath.sol":{"l":{"26":1139,"128":0},"path":"/Users/nemitariajienka/Desktop/projects/euler-contracts/contracts/vendor/FullMath.sol","s":{},"b":{},"f":{"1":1139,"2":0},"fnMap":{"1":{"name":"mulDiv","line":21,"loc":{"start":{"line":21,"column":4},"end":{"line":116,"column":4}}},"2":{"name":"mulDivRoundingUp","line":123,"loc":{"start":{"line":123,"column":4},"end":{"line":135,"column":4}}}},"statementMap":{},"branchMap":{}},
"contracts/vendor/ISwapRouter.sol":{"l":{},"path":"/Users/nemitariajienka/Desktop/projects/euler-contracts/contracts/vendor/ISwapRouter.sol","s":{},"b":{},"f":{},"fnMap":{},"statementMap":{},"branchMap":{}},
"contracts/vendor/IUniswapV3SwapCallback.sol":{"l":{},"path":"/Users/nemitariajienka/Desktop/projects/euler-contracts/contracts/vendor/IUniswapV3SwapCallback.sol","s":{},"b":{},"f":{},"fnMap":{},"statementMap":{},"branchMap":{}},
"contracts/vendor/MerkleProof.sol":{"l":{"27":0,"39":404,"40":404,"41":2760,"42":2760,"44":1388,"47":1372,"50":404,"54":2760},"path":"/Users/nemitariajienka/Desktop/projects/euler-contracts/contracts/vendor/MerkleProof.sol","s":{"1":0,"2":404,"3":404,"4":2760,"5":2760,"6":1388,"7":1372,"8":404},"b":{"1":[1388,1372]},"f":{"1":0,"2":404,"3":2760},"fnMap":{"1":{"name":"verify","line":22,"loc":{"start":{"line":22,"column":4},"end":{"line":28,"column":4}}},"2":{"name":"processProof","line":38,"loc":{"start":{"line":38,"column":4},"end":{"line":51,"column":4}}},"3":{"name":"_efficientHash","line":53,"loc":{"start":{"line":53,"column":4},"end":{"line":59,"column":4}}}},"statementMap":{"1":{"start":{"line":27,"column":8},"end":{"line":27,"column":48}},"2":{"start":{"line":39,"column":8},"end":{"line":39,"column":35}},"3":{"start":{"line":40,"column":8},"end":{"line":40,"column":1546}},"4":{"start":{"line":41,"column":12},"end":{"line":41,"column":43}},"5":{"start":{"line":42,"column":12},"end":{"line":42,"column":1652}},"6":{"start":{"line":44,"column":16},"end":{"line":44,"column":72}},"7":{"start":{"line":47,"column":16},"end":{"line":47,"column":72}},"8":{"start":{"line":50,"column":8},"end":{"line":50,"column":27}}},"branchMap":{"1":{"line":42,"type":"if","locations":[{"start":{"line":42,"column":12},"end":{"line":42,"column":12}},{"start":{"line":42,"column":12},"end":{"line":42,"column":12}}]}}},
"contracts/vendor/RPow.sol":{"l":{"24":2339},"path":"/Users/nemitariajienka/Desktop/projects/euler-contracts/contracts/vendor/RPow.sol","s":{},"b":{},"f":{"1":2339},"fnMap":{"1":{"name":"rpow","line":23,"loc":{"start":{"line":23,"column":4},"end":{"line":45,"column":4}}}},"statementMap":{},"branchMap":{}},
"contracts/vendor/TickMath.sol":{"l":{"31":1346,"71":338},"path":"/Users/nemitariajienka/Desktop/projects/euler-contracts/contracts/vendor/TickMath.sol","s":{},"b":{},"f":{"1":1346,"2":338},"fnMap":{"1":{"name":"getSqrtRatioAtTick","line":30,"loc":{"start":{"line":30,"column":4},"end":{"line":63,"column":4}}},"2":{"name":"getTickAtSqrtRatio","line":70,"loc":{"start":{"line":70,"column":4},"end":{"line":215,"column":4}}}},"statementMap":{},"branchMap":{}},
"contracts/views/EulerGeneralView.sol":{"l":{"23":129,"92":1,"94":1,"95":2,"100":15,"101":15,"103":15,"105":15,"106":15,"108":15,"110":15,"111":8,"114":15,"116":15,"117":16,"119":16,"120":16,"122":16,"125":15,"126":10,"127":10,"129":10,"131":10,"134":15,"135":8,"140":26,"141":26,"143":26,"145":26,"146":26,"148":25,"149":25,"151":25,"152":25,"153":25,"156":25,"157":25,"158":25,"159":25,"161":25,"163":25,"164":25,"165":25,"168":25,"169":25,"171":25,"173":18,"174":18,"175":18,"176":18,"177":18,"182":28,"184":28,"185":28,"186":28,"211":1,"212":1,"214":1,"215":1,"217":1,"219":1,"220":1,"222":1,"223":1,"224":1,"226":1,"227":1,"228":1,"241":1,"242":1,"244":1,"246":1,"247":2,"256":52,"257":52,"259":52},"path":"/Users/nemitariajienka/Desktop/projects/euler-contracts/contracts/views/EulerGeneralView.sol","s":{"1":129,"2":1,"3":1,"4":2,"5":15,"6":15,"7":15,"8":15,"9":15,"10":15,"11":15,"12":8,"13":15,"14":15,"15":16,"16":16,"17":16,"18":16,"19":15,"20":10,"21":10,"22":10,"23":10,"24":15,"25":8,"26":26,"27":26,"28":26,"29":26,"30":26,"31":1,"32":25,"33":25,"34":25,"35":25,"36":25,"37":25,"38":25,"39":25,"40":25,"41":25,"42":25,"43":25,"44":25,"45":25,"46":7,"47":18,"48":18,"49":18,"50":18,"51":18,"52":28,"53":28,"54":28,"55":28,"56":1,"57":1,"58":1,"59":1,"60":1,"61":1,"62":1,"63":1,"64":1,"65":1,"66":1,"67":1,"68":1,"69":1,"70":1,"71":1,"72":1,"73":2,"74":52,"75":52,"76":0,"77":52},"b":{"1":[8,7],"2":[8,7],"3":[1,25],"4":[7,18],"5":[0,52]},"f":{"1":129,"2":1,"3":15,"4":26,"5":28,"6":1,"7":1,"8":52},"fnMap":{"1":{"name":"constructor","line":22,"loc":{"start":{"line":22,"column":4},"end":{"line":24,"column":4}}},"2":{"name":"doQueryBatch","line":91,"loc":{"start":{"line":91,"column":4},"end":{"line":97,"column":4}}},"3":{"name":"doQuery","line":99,"loc":{"start":{"line":99,"column":4},"end":{"line":137,"column":4}}},"4":{"name":"populateResponseMarket","line":139,"loc":{"start":{"line":139,"column":4},"end":{"line":178,"column":4}}},"5":{"name":"computeAPYs","line":181,"loc":{"start":{"line":181,"column":4},"end":{"line":187,"column":4}}},"6":{"name":"doQueryIRM","line":210,"loc":{"start":{"line":210,"column":4},"end":{"line":229,"column":4}}},"7":{"name":"doQueryAccountLiquidity","line":240,"loc":{"start":{"line":240,"column":4},"end":{"line":249,"column":4}}},"8":{"name":"getStringOrBytes32","line":255,"loc":{"start":{"line":255,"column":4},"end":{"line":260,"column":4}}}},"statementMap":{"1":{"start":{"line":23,"column":8},"end":{"line":23,"column":41}},"2":{"start":{"line":92,"column":8},"end":{"line":92,"column":36}},"3":{"start":{"line":94,"column":8},"end":{"line":94,"column":2231}},"4":{"start":{"line":95,"column":12},"end":{"line":95,"column":32}},"5":{"start":{"line":100,"column":8},"end":{"line":100,"column":36}},"6":{"start":{"line":101,"column":8},"end":{"line":101,"column":35}},"7":{"start":{"line":103,"column":8},"end":{"line":103,"column":49}},"8":{"start":{"line":105,"column":8},"end":{"line":105,"column":85}},"9":{"start":{"line":106,"column":8},"end":{"line":106,"column":75}},"10":{"start":{"line":108,"column":8},"end":{"line":108,"column":49}},"11":{"start":{"line":110,"column":8},"end":{"line":110,"column":2756}},"12":{"start":{"line":111,"column":12},"end":{"line":111,"column":56}},"13":{"start":{"line":114,"column":8},"end":{"line":114,"column":71}},"14":{"start":{"line":116,"column":8},"end":{"line":116,"column":2940}},"15":{"start":{"line":117,"column":12},"end":{"line":117,"column":50}},"16":{"start":{"line":119,"column":12},"end":{"line":119,"column":44}},"17":{"start":{"line":120,"column":12},"end":{"line":120,"column":45}},"18":{"start":{"line":122,"column":12},"end":{"line":122,"column":64}},"19":{"start":{"line":125,"column":8},"end":{"line":125,"column":3216}},"20":{"start":{"line":126,"column":12},"end":{"line":126,"column":36}},"21":{"start":{"line":127,"column":12},"end":{"line":127,"column":50}},"22":{"start":{"line":129,"column":12},"end":{"line":129,"column":38}},"23":{"start":{"line":131,"column":12},"end":{"line":131,"column":64}},"24":{"start":{"line":134,"column":8},"end":{"line":134,"column":3505}},"25":{"start":{"line":135,"column":12},"end":{"line":135,"column":71}},"26":{"start":{"line":140,"column":8},"end":{"line":140,"column":70}},"27":{"start":{"line":141,"column":8},"end":{"line":141,"column":74}},"28":{"start":{"line":143,"column":8},"end":{"line":143,"column":51}},"29":{"start":{"line":145,"column":8},"end":{"line":145,"column":67}},"30":{"start":{"line":146,"column":8},"end":{"line":146,"column":46}},"31":{"start":{"line":146,"column":40},"end":{"line":146,"column":46}},"32":{"start":{"line":148,"column":8},"end":{"line":148,"column":63}},"33":{"start":{"line":149,"column":8},"end":{"line":149,"column":67}},"34":{"start":{"line":152,"column":12},"end":{"line":152,"column":93}},"35":{"start":{"line":153,"column":12},"end":{"line":153,"column":23}},"36":{"start":{"line":156,"column":8},"end":{"line":156,"column":67}},"37":{"start":{"line":157,"column":8},"end":{"line":157,"column":69}},"38":{"start":{"line":158,"column":8},"end":{"line":158,"column":58}},"39":{"start":{"line":159,"column":8},"end":{"line":159,"column":73}},"40":{"start":{"line":161,"column":8},"end":{"line":161,"column":59}},"41":{"start":{"line":164,"column":12},"end":{"line":164,"column":79}},"42":{"start":{"line":165,"column":12},"end":{"line":165,"column":109}},"43":{"start":{"line":168,"column":8},"end":{"line":168,"column":81}},"44":{"start":{"line":169,"column":8},"end":{"line":169,"column":109}},"45":{"start":{"line":171,"column":8},"end":{"line":171,"column":43}},"46":{"start":{"line":171,"column":37},"end":{"line":171,"column":43}},"47":{"start":{"line":173,"column":8},"end":{"line":173,"column":70}},"48":{"start":{"line":174,"column":8},"end":{"line":174,"column":66}},"49":{"start":{"line":175,"column":8},"end":{"line":175,"column":86}},"50":{"start":{"line":176,"column":8},"end":{"line":176,"column":66}},"51":{"start":{"line":177,"column":8},"end":{"line":177,"column":84}},"52":{"start":{"line":182,"column":8},"end":{"line":182,"column":79}},"53":{"start":{"line":184,"column":8},"end":{"line":184,"column":110}},"54":{"start":{"line":185,"column":8},"end":{"line":185,"column":83}},"55":{"start":{"line":186,"column":8},"end":{"line":186,"column":79}},"56":{"start":{"line":211,"column":8},"end":{"line":211,"column":49}},"57":{"start":{"line":212,"column":8},"end":{"line":212,"column":85}},"58":{"start":{"line":214,"column":8},"end":{"line":214,"column":68}},"59":{"start":{"line":215,"column":8},"end":{"line":215,"column":74}},"60":{"start":{"line":217,"column":8},"end":{"line":217,"column":61}},"61":{"start":{"line":219,"column":8},"end":{"line":219,"column":39}},"62":{"start":{"line":220,"column":8},"end":{"line":220,"column":65}},"63":{"start":{"line":222,"column":8},"end":{"line":222,"column":37}},"64":{"start":{"line":223,"column":8},"end":{"line":223,"column":54}},"65":{"start":{"line":224,"column":8},"end":{"line":224,"column":74}},"66":{"start":{"line":226,"column":8},"end":{"line":226,"column":91}},"67":{"start":{"line":227,"column":8},"end":{"line":227,"column":94}},"68":{"start":{"line":228,"column":8},"end":{"line":228,"column":103}},"69":{"start":{"line":241,"column":8},"end":{"line":241,"column":47}},"70":{"start":{"line":242,"column":8},"end":{"line":242,"column":75}},"71":{"start":{"line":244,"column":8},"end":{"line":244,"column":55}},"72":{"start":{"line":246,"column":8},"end":{"line":246,"column":7928}},"73":{"start":{"line":247,"column":12},"end":{"line":247,"column":63}},"74":{"start":{"line":256,"column":8},"end":{"line":256,"column":106}},"75":{"start":{"line":257,"column":8},"end":{"line":257,"column":31}},"76":{"start":{"line":257,"column":22},"end":{"line":257,"column":31}},"77":{"start":{"line":259,"column":8},"end":{"line":259,"column":100}}},"branchMap":{"1":{"line":110,"type":"if","locations":[{"start":{"line":110,"column":8},"end":{"line":110,"column":8}},{"start":{"line":110,"column":8},"end":{"line":110,"column":8}}]},"2":{"line":134,"type":"if","locations":[{"start":{"line":134,"column":8},"end":{"line":134,"column":8}},{"start":{"line":134,"column":8},"end":{"line":134,"column":8}}]},"3":{"line":146,"type":"if","locations":[{"start":{"line":146,"column":8},"end":{"line":146,"column":8}},{"start":{"line":146,"column":8},"end":{"line":146,"column":8}}]},"4":{"line":171,"type":"if","locations":[{"start":{"line":171,"column":8},"end":{"line":171,"column":8}},{"start":{"line":171,"column":8},"end":{"line":171,"column":8}}]},"5":{"line":257,"type":"if","locations":[{"start":{"line":257,"column":8},"end":{"line":257,"column":8}},{"start":{"line":257,"column":8},"end":{"line":257,"column":8}}]}}}}
